2025-08-31 17:02:20,578 - trading_bot.src.core.fundamental_analyzer - INFO - Loaded 14 calendar events
2025-08-31 17:02:20,884 - trading_bot.src.core.fundamental_analyzer - INFO - Loaded news data: 0 Reuters headlines
2025-08-31 17:02:20,897 - trading_bot.src.core.fundamental_analyzer - ERROR - Error calculating sentiment score: 'NoneType' object has no attribute 'lower'
2025-08-31 17:04:27,964 - trading_bot.src.core.fundamental_analyzer - INFO - Loaded 14 calendar events
2025-08-31 17:04:28,212 - trading_bot.src.core.fundamental_analyzer - INFO - Loaded news data: 21 Reuters headlines
2025-08-31 17:17:09,109 - trading_bot.src.core.fundamental_analyzer - INFO - Loaded 14 calendar events
2025-08-31 17:17:09,673 - trading_bot.src.core.fundamental_analyzer - INFO - Loaded news data: 21 Bloomberg headlines
2025-08-31 17:17:09,686 - trading_bot.src.core.fundamental_analyzer - ERROR - Error calculating sentiment score: 'NoneType' object has no attribute 'lower'
2025-08-31 17:27:50,338 - trading_bot.src.core.fundamental_analyzer - INFO - Loaded 14 calendar events
2025-08-31 17:27:51,246 - trading_bot.src.core.fundamental_analyzer - INFO - Loaded news data: 21 Bloomberg headlines
2025-08-31 17:27:51,256 - trading_bot.src.core.fundamental_analyzer - ERROR - Error calculating sentiment score: 'NoneType' object has no attribute 'lower'
2025-09-12 00:46:27,623 - trading_bot.src.data.data_layer - INFO - Using real OANDA API data
2025-09-12 00:46:29,053 - __main__ - INFO - Starting Enhanced Market Adaptive Trading Bot...
2025-09-12 00:46:30,493 - trading_bot.src.data.data_layer - INFO - Initializing data for EUR_USD
2025-09-12 00:46:30,574 - trading_bot.src.data.data_layer - INFO - Fetched 199 real candles for EUR_USD TimeFrame.M1
2025-09-12 00:46:30,659 - trading_bot.src.data.data_layer - INFO - Fetched 199 real candles for EUR_USD TimeFrame.M5
2025-09-12 00:46:30,733 - trading_bot.src.data.data_layer - INFO - Fetched 199 real candles for EUR_USD TimeFrame.M15
2025-09-12 00:46:30,733 - trading_bot.src.data.data_layer - INFO - Initializing data for USD_JPY
2025-09-12 00:46:30,806 - trading_bot.src.data.data_layer - INFO - Fetched 199 real candles for USD_JPY TimeFrame.M1
2025-09-12 00:46:30,924 - trading_bot.src.data.data_layer - INFO - Fetched 199 real candles for USD_JPY TimeFrame.M5
2025-09-12 00:46:31,004 - trading_bot.src.data.data_layer - INFO - Fetched 199 real candles for USD_JPY TimeFrame.M15
2025-09-12 00:46:31,005 - trading_bot.src.data.data_layer - INFO - Initializing data for GBP_JPY
2025-09-12 00:46:31,101 - trading_bot.src.data.data_layer - INFO - Fetched 199 real candles for GBP_JPY TimeFrame.M1
2025-09-12 00:46:31,187 - trading_bot.src.data.data_layer - INFO - Fetched 199 real candles for GBP_JPY TimeFrame.M5
2025-09-12 00:46:31,271 - trading_bot.src.data.data_layer - INFO - Fetched 199 real candles for GBP_JPY TimeFrame.M15
2025-09-12 00:46:31,272 - trading_bot.src.data.data_layer - INFO - Data layer started successfully
2025-09-12 00:46:31,272 - trading_bot.src.ai.technical_analysis_layer - INFO - Starting technical analysis layer...
2025-09-12 00:46:31,272 - trading_bot.src.ai.technical_analysis_layer - INFO - Technical analysis layer started successfully
2025-09-12 00:46:31,272 - trading_bot.src.decision.technical_decision_layer - INFO - Starting technical decision layer...
2025-09-12 00:46:31,272 - trading_bot.src.decision.enhanced_excel_trade_recorder - INFO - Enhanced Excel trade recorder started
2025-09-12 00:46:31,272 - trading_bot.src.decision.performance_tracker - INFO - Performance tracker started
2025-09-12 00:46:31,273 - trading_bot.src.decision.technical_decision_layer - INFO - Technical decision layer started successfully
2025-09-12 00:46:31,273 - trading_bot.src.notifications.notification_layer - INFO - Notification layer started successfully
2025-09-12 00:46:31,273 - trading_bot.src.notifications.callback_handler - INFO - Callback handler started successfully
2025-09-12 00:46:31,273 - trading_bot.src.core.position_manager - INFO - Starting position manager...
2025-09-12 00:46:31,273 - trading_bot.src.core.position_manager - INFO - Position manager started successfully
2025-09-12 00:46:31,273 - trading_bot.src.core.fundamental_analyzer - INFO - Starting fundamental analyzer...
2025-09-12 00:46:31,273 - trading_bot.src.core.fundamental_analyzer - INFO - Fundamental analyzer started successfully
2025-09-12 00:46:31,274 - trading_bot.src.core.advanced_risk_manager - INFO - Starting advanced risk manager...
2025-09-12 00:46:31,274 - trading_bot.src.core.advanced_risk_manager - INFO - Advanced risk manager started successfully
2025-09-12 00:46:31,274 - trading_bot.src.core.market_regime_detector - INFO - Starting market regime detector...
2025-09-12 00:46:31,274 - trading_bot.src.core.market_regime_detector - INFO - Market regime detector started successfully
2025-09-12 00:46:31,274 - __main__ - INFO - All components initialized successfully
2025-09-12 00:46:31,274 - trading_bot.src.notifications.notification_layer - INFO - 📢 Starting notification process: STARTUP
2025-09-12 00:46:31,274 - trading_bot.src.notifications.notification_layer - INFO - 📊 Notification data keys: ['message']
2025-09-12 00:46:31,274 - trading_bot.src.notifications.notification_layer - INFO - 🚀 Sending startup notification...
2025-09-12 00:46:31,274 - trading_bot.src.notifications.notification_layer - INFO - ✅ Startup notification result: True
2025-09-12 00:46:31,275 - __main__ - INFO - Enhanced startup notification sent successfully
2025-09-12 00:46:31,350 - trading_bot.src.data.data_layer - INFO - Fetched 49 real candles for EUR_USD TimeFrame.M1
2025-09-12 00:46:31,523 - trading_bot.src.data.data_layer - INFO - Fetched 49 real candles for EUR_USD TimeFrame.M5
2025-09-12 00:46:32,236 - trading_bot.src.data.data_layer - INFO - Fetched 49 real candles for EUR_USD TimeFrame.M15
2025-09-12 00:46:32,310 - trading_bot.src.data.data_layer - INFO - Fetched 49 real candles for USD_JPY TimeFrame.M1
2025-09-12 00:46:32,394 - trading_bot.src.data.data_layer - INFO - Fetched 49 real candles for USD_JPY TimeFrame.M5
2025-09-12 00:46:32,483 - trading_bot.src.data.data_layer - INFO - Fetched 49 real candles for USD_JPY TimeFrame.M15
2025-09-12 00:46:32,560 - trading_bot.src.data.data_layer - INFO - Fetched 49 real candles for GBP_JPY TimeFrame.M1
2025-09-12 00:46:32,653 - trading_bot.src.data.data_layer - INFO - Fetched 49 real candles for GBP_JPY TimeFrame.M5
2025-09-12 00:46:32,721 - trading_bot.src.data.data_layer - INFO - Fetched 49 real candles for GBP_JPY TimeFrame.M15
2025-09-12 00:46:32,722 - trading_bot.src.core.fundamental_analyzer - INFO - No database available, using empty calendar cache
2025-09-12 00:46:32,722 - trading_bot.src.core.fundamental_analyzer - INFO - Using neutral sentiment (scrapers removed due to poor data quality)
2025-09-12 00:46:32,722 - trading_bot.src.ai.technical_analysis_layer - INFO - 📈 Starting technical indicator calculation for 49 candles...
2025-09-12 00:46:32,723 - trading_bot.src.ai.technical_analysis_layer - INFO - 📊 Filtered 49 candles to 10 candles
2025-09-12 00:46:32,723 - trading_bot.src.ai.technical_analysis_layer - WARNING - ⚠️ After time filtering, insufficient candles: 10 < 20
2025-09-12 00:46:32,723 - trading_bot.src.ai.technical_analysis_layer - INFO - 📈 Starting technical indicator calculation for 49 candles...
2025-09-12 00:46:32,723 - trading_bot.src.ai.technical_analysis_layer - INFO - 📊 Filtered 49 candles to 49 candles
2025-09-12 00:46:32,723 - trading_bot.src.ai.technical_analysis_layer - INFO - 📈 Using 49 filtered candles for analysis
2025-09-12 00:46:32,750 - trading_bot.src.ai.technical_analysis_layer - INFO - 📈 Starting technical indicator calculation for 49 candles...
2025-09-12 00:46:32,750 - trading_bot.src.ai.technical_analysis_layer - INFO - 📊 Filtered 49 candles to 49 candles
2025-09-12 00:46:32,751 - trading_bot.src.ai.technical_analysis_layer - INFO - 📈 Using 49 filtered candles for analysis
2025-09-12 00:46:32,773 - trading_bot.src.core.market_regime_detector - INFO - 📊 Starting market regime detection for EUR_USD...
2025-09-12 00:46:32,773 - trading_bot.src.core.market_regime_detector - INFO - 📈 EUR_USD: Analyzing 49 candles
2025-09-12 00:46:32,774 - trading_bot.src.core.market_regime_detector - INFO - 📊 EUR_USD: Calculating trend strength...
2025-09-12 00:46:32,774 - trading_bot.src.core.market_regime_detector - INFO - 📊 EUR_USD: Trend strength: 0.000
2025-09-12 00:46:32,774 - trading_bot.src.core.market_regime_detector - INFO - 📊 EUR_USD: Calculating volatility level...
2025-09-12 00:46:32,774 - trading_bot.src.core.market_regime_detector - INFO - 📊 EUR_USD: Volatility level: 0.000
2025-09-12 00:46:32,774 - trading_bot.src.core.market_regime_detector - INFO - 📊 EUR_USD: Calculating momentum score...
2025-09-12 00:46:32,774 - trading_bot.src.core.market_regime_detector - INFO - 📊 EUR_USD: Momentum score: 0.467
2025-09-12 00:46:32,774 - trading_bot.src.core.market_regime_detector - INFO - 📊 EUR_USD: Calculating support/resistance levels...
2025-09-12 00:46:32,774 - trading_bot.src.core.market_regime_detector - INFO - 📊 EUR_USD: Support/Resistance - Support: 0.82018, Resistance: 0.82018
2025-09-12 00:46:32,774 - trading_bot.src.core.market_regime_detector - INFO - 🎯 EUR_USD: Determining market regime...
2025-09-12 00:46:32,775 - trading_bot.src.core.market_regime_detector - INFO - 🎯 EUR_USD: Detected regime: CONSOLIDATION
2025-09-12 00:46:32,775 - trading_bot.src.core.market_regime_detector - INFO - 📊 EUR_USD: Calculating confidence...
2025-09-12 00:46:32,775 - trading_bot.src.core.market_regime_detector - INFO - 📊 EUR_USD: Confidence: 0.680
2025-09-12 00:46:32,775 - trading_bot.src.core.market_regime_detector - INFO - 📊 EUR_USD: Strategy params: {'timeframes': ['M15', 'M30'], 'indicators': ['BollingerBands', 'RSI'], 'entry_method': 'range_break...
2025-09-12 00:46:32,775 - trading_bot.src.core.market_regime_detector - INFO - ✅ Market regime detection completed for EUR_USD
2025-09-12 00:46:32,775 - trading_bot.src.decision.technical_decision_layer - INFO - 🎯 Starting technical decision making for EUR_USD...
2025-09-12 00:46:32,775 - trading_bot.src.decision.technical_decision_layer - ERROR - Error in technical decision making for EUR_USD: 'TechnicalIndicators' object has no attribute 'get'
2025-09-12 00:46:32,775 - trading_bot.src.core.fundamental_analyzer - INFO - No database available, using empty calendar cache
2025-09-12 00:46:32,776 - trading_bot.src.ai.technical_analysis_layer - INFO - 📈 Starting technical indicator calculation for 49 candles...
2025-09-12 00:46:32,776 - trading_bot.src.ai.technical_analysis_layer - INFO - 📊 Filtered 49 candles to 10 candles
2025-09-12 00:46:32,776 - trading_bot.src.ai.technical_analysis_layer - WARNING - ⚠️ After time filtering, insufficient candles: 10 < 20
2025-09-12 00:46:32,776 - trading_bot.src.ai.technical_analysis_layer - INFO - 📈 Starting technical indicator calculation for 49 candles...
2025-09-12 00:46:32,776 - trading_bot.src.ai.technical_analysis_layer - INFO - 📊 Filtered 49 candles to 49 candles
2025-09-12 00:46:32,776 - trading_bot.src.ai.technical_analysis_layer - INFO - 📈 Using 49 filtered candles for analysis
2025-09-12 00:46:32,798 - trading_bot.src.ai.technical_analysis_layer - INFO - 📈 Starting technical indicator calculation for 49 candles...
2025-09-12 00:46:32,799 - trading_bot.src.ai.technical_analysis_layer - INFO - 📊 Filtered 49 candles to 49 candles
2025-09-12 00:46:32,799 - trading_bot.src.ai.technical_analysis_layer - INFO - 📈 Using 49 filtered candles for analysis
2025-09-12 00:46:32,822 - trading_bot.src.core.market_regime_detector - INFO - 📊 Starting market regime detection for USD_JPY...
2025-09-12 00:46:32,822 - trading_bot.src.core.market_regime_detector - INFO - 📈 USD_JPY: Analyzing 49 candles
2025-09-12 00:46:32,822 - trading_bot.src.core.market_regime_detector - INFO - 📊 USD_JPY: Calculating trend strength...
2025-09-12 00:46:32,822 - trading_bot.src.core.market_regime_detector - INFO - 📊 USD_JPY: Trend strength: 0.002
2025-09-12 00:46:32,822 - trading_bot.src.core.market_regime_detector - INFO - 📊 USD_JPY: Calculating volatility level...
2025-09-12 00:46:32,823 - trading_bot.src.core.market_regime_detector - INFO - 📊 USD_JPY: Volatility level: 0.000
2025-09-12 00:46:32,823 - trading_bot.src.core.market_regime_detector - INFO - 📊 USD_JPY: Calculating momentum score...
2025-09-12 00:46:32,823 - trading_bot.src.core.market_regime_detector - INFO - 📊 USD_JPY: Momentum score: 0.700
2025-09-12 00:46:32,823 - trading_bot.src.core.market_regime_detector - INFO - 📊 USD_JPY: Calculating support/resistance levels...
2025-09-12 00:46:32,823 - trading_bot.src.core.market_regime_detector - INFO - 📊 USD_JPY: Support/Resistance - Support: 0.83438, Resistance: 0.83438
2025-09-12 00:46:32,823 - trading_bot.src.core.market_regime_detector - INFO - 🎯 USD_JPY: Determining market regime...
2025-09-12 00:46:32,823 - trading_bot.src.core.market_regime_detector - INFO - 🎯 USD_JPY: Detected regime: CONSOLIDATION
2025-09-12 00:46:32,823 - trading_bot.src.core.market_regime_detector - INFO - 📊 USD_JPY: Calculating confidence...
2025-09-12 00:46:32,823 - trading_bot.src.core.market_regime_detector - INFO - 📊 USD_JPY: Confidence: 0.684
2025-09-12 00:46:32,823 - trading_bot.src.core.market_regime_detector - INFO - 📊 USD_JPY: Strategy params: {'timeframes': ['M15', 'M30'], 'indicators': ['BollingerBands', 'RSI'], 'entry_method': 'range_break...
2025-09-12 00:46:32,823 - trading_bot.src.core.market_regime_detector - INFO - ✅ Market regime detection completed for USD_JPY
2025-09-12 00:46:32,824 - trading_bot.src.decision.technical_decision_layer - INFO - 🎯 Starting technical decision making for USD_JPY...
2025-09-12 00:46:32,824 - trading_bot.src.decision.technical_decision_layer - ERROR - Error in technical decision making for USD_JPY: 'TechnicalIndicators' object has no attribute 'get'
2025-09-12 00:46:32,824 - trading_bot.src.core.fundamental_analyzer - INFO - No database available, using empty calendar cache
2025-09-12 00:46:32,824 - trading_bot.src.ai.technical_analysis_layer - INFO - 📈 Starting technical indicator calculation for 49 candles...
2025-09-12 00:46:32,824 - trading_bot.src.ai.technical_analysis_layer - INFO - 📊 Filtered 49 candles to 10 candles
2025-09-12 00:46:32,824 - trading_bot.src.ai.technical_analysis_layer - WARNING - ⚠️ After time filtering, insufficient candles: 10 < 20
2025-09-12 00:46:32,824 - trading_bot.src.ai.technical_analysis_layer - INFO - 📈 Starting technical indicator calculation for 49 candles...
2025-09-12 00:46:32,825 - trading_bot.src.ai.technical_analysis_layer - INFO - 📊 Filtered 49 candles to 49 candles
2025-09-12 00:46:32,825 - trading_bot.src.ai.technical_analysis_layer - INFO - 📈 Using 49 filtered candles for analysis
2025-09-12 00:46:32,847 - trading_bot.src.ai.technical_analysis_layer - INFO - 📈 Starting technical indicator calculation for 49 candles...
2025-09-12 00:46:32,847 - trading_bot.src.ai.technical_analysis_layer - INFO - 📊 Filtered 49 candles to 49 candles
2025-09-12 00:46:32,848 - trading_bot.src.ai.technical_analysis_layer - INFO - 📈 Using 49 filtered candles for analysis
2025-09-12 00:46:32,872 - trading_bot.src.core.market_regime_detector - INFO - 📊 Starting market regime detection for GBP_JPY...
2025-09-12 00:46:32,872 - trading_bot.src.core.market_regime_detector - INFO - 📈 GBP_JPY: Analyzing 49 candles
2025-09-12 00:46:32,872 - trading_bot.src.core.market_regime_detector - INFO - 📊 GBP_JPY: Calculating trend strength...
2025-09-12 00:46:32,872 - trading_bot.src.core.market_regime_detector - INFO - 📊 GBP_JPY: Trend strength: 0.001
2025-09-12 00:46:32,872 - trading_bot.src.core.market_regime_detector - INFO - 📊 GBP_JPY: Calculating volatility level...
2025-09-12 00:46:32,872 - trading_bot.src.core.market_regime_detector - INFO - 📊 GBP_JPY: Volatility level: 0.000
2025-09-12 00:46:32,873 - trading_bot.src.core.market_regime_detector - INFO - 📊 GBP_JPY: Calculating momentum score...
2025-09-12 00:46:32,873 - trading_bot.src.core.market_regime_detector - INFO - 📊 GBP_JPY: Momentum score: 0.700
2025-09-12 00:46:32,873 - trading_bot.src.core.market_regime_detector - INFO - 📊 GBP_JPY: Calculating support/resistance levels...
2025-09-12 00:46:32,873 - trading_bot.src.core.market_regime_detector - INFO - 📊 GBP_JPY: Support/Resistance - Support: 0.71901, Resistance: 0.71901
2025-09-12 00:46:32,873 - trading_bot.src.core.market_regime_detector - INFO - 🎯 GBP_JPY: Determining market regime...
2025-09-12 00:46:32,873 - trading_bot.src.core.market_regime_detector - INFO - 🎯 GBP_JPY: Detected regime: CONSOLIDATION
2025-09-12 00:46:32,873 - trading_bot.src.core.market_regime_detector - INFO - 📊 GBP_JPY: Calculating confidence...
2025-09-12 00:46:32,873 - trading_bot.src.core.market_regime_detector - INFO - 📊 GBP_JPY: Confidence: 0.655
2025-09-12 00:46:32,874 - trading_bot.src.core.market_regime_detector - INFO - 📊 GBP_JPY: Strategy params: {'timeframes': ['M15', 'M30'], 'indicators': ['BollingerBands', 'RSI'], 'entry_method': 'range_break...
2025-09-12 00:46:32,874 - trading_bot.src.core.market_regime_detector - INFO - ✅ Market regime detection completed for GBP_JPY
2025-09-12 00:46:32,874 - trading_bot.src.decision.technical_decision_layer - INFO - 🎯 Starting technical decision making for GBP_JPY...
2025-09-12 00:46:32,874 - trading_bot.src.decision.technical_decision_layer - ERROR - Error in technical decision making for GBP_JPY: 'TechnicalIndicators' object has no attribute 'get'
2025-09-12 00:46:32,874 - __main__ - INFO - Processing analysis for EUR_USD: <class 'dict'>
2025-09-12 00:46:32,874 - __main__ - INFO - Processing analysis for USD_JPY: <class 'dict'>
2025-09-12 00:46:32,874 - __main__ - INFO - Processing analysis for GBP_JPY: <class 'dict'>
2025-09-12 00:46:32,874 - trading_bot.src.notifications.notification_layer - INFO - 📢 Starting notification process: LOOP_REPORT
2025-09-12 00:46:32,875 - trading_bot.src.notifications.notification_layer - INFO - 📊 Notification data keys: ['message']
2025-09-12 00:46:32,875 - trading_bot.src.notifications.notification_layer - INFO - 📊 Sending loop report notification...
2025-09-12 00:46:32,875 - trading_bot.src.notifications.notification_layer - INFO - ✅ Loop report result: True
2025-09-12 00:49:18,509 - trading_bot.src.data.data_layer - INFO - Using real OANDA API data
2025-09-12 00:49:18,616 - __main__ - INFO - Starting Enhanced Market Adaptive Trading Bot...
2025-09-12 00:49:19,064 - trading_bot.src.data.data_layer - INFO - Initializing data for EUR_USD
2025-09-12 00:49:19,138 - trading_bot.src.data.data_layer - INFO - Fetched 199 real candles for EUR_USD TimeFrame.M1
2025-09-12 00:49:19,209 - trading_bot.src.data.data_layer - INFO - Fetched 199 real candles for EUR_USD TimeFrame.M5
2025-09-12 00:49:19,413 - trading_bot.src.data.data_layer - INFO - Fetched 199 real candles for EUR_USD TimeFrame.M15
2025-09-12 00:49:19,422 - trading_bot.src.data.data_layer - INFO - Initializing data for USD_JPY
2025-09-12 00:49:19,509 - trading_bot.src.data.data_layer - INFO - Fetched 199 real candles for USD_JPY TimeFrame.M1
2025-09-12 00:49:19,613 - trading_bot.src.data.data_layer - INFO - Fetched 199 real candles for USD_JPY TimeFrame.M5
2025-09-12 00:49:19,694 - trading_bot.src.data.data_layer - INFO - Fetched 199 real candles for USD_JPY TimeFrame.M15
2025-09-12 00:49:19,694 - trading_bot.src.data.data_layer - INFO - Initializing data for GBP_JPY
2025-09-12 00:49:19,787 - trading_bot.src.data.data_layer - INFO - Fetched 199 real candles for GBP_JPY TimeFrame.M1
2025-09-12 00:49:19,918 - trading_bot.src.data.data_layer - INFO - Fetched 199 real candles for GBP_JPY TimeFrame.M5
2025-09-12 00:49:20,036 - trading_bot.src.data.data_layer - INFO - Fetched 199 real candles for GBP_JPY TimeFrame.M15
2025-09-12 00:49:20,036 - trading_bot.src.data.data_layer - INFO - Data layer started successfully
2025-09-12 00:49:20,036 - trading_bot.src.ai.technical_analysis_layer - INFO - Starting technical analysis layer...
2025-09-12 00:49:20,036 - trading_bot.src.ai.technical_analysis_layer - INFO - Technical analysis layer started successfully
2025-09-12 00:49:20,036 - trading_bot.src.decision.technical_decision_layer - INFO - Starting technical decision layer...
2025-09-12 00:49:20,036 - trading_bot.src.decision.enhanced_excel_trade_recorder - INFO - Enhanced Excel trade recorder started
2025-09-12 00:49:20,036 - trading_bot.src.decision.performance_tracker - INFO - Performance tracker started
2025-09-12 00:49:20,037 - trading_bot.src.decision.technical_decision_layer - INFO - Technical decision layer started successfully
2025-09-12 00:49:20,037 - trading_bot.src.notifications.notification_layer - INFO - Notification layer started successfully
2025-09-12 00:49:20,037 - trading_bot.src.notifications.callback_handler - INFO - Callback handler started successfully
2025-09-12 00:49:20,037 - trading_bot.src.core.position_manager - INFO - Starting position manager...
2025-09-12 00:49:20,037 - trading_bot.src.core.position_manager - INFO - Position manager started successfully
2025-09-12 00:49:20,037 - trading_bot.src.core.fundamental_analyzer - INFO - Starting fundamental analyzer...
2025-09-12 00:49:20,037 - trading_bot.src.core.fundamental_analyzer - INFO - Fundamental analyzer started successfully
2025-09-12 00:49:20,037 - trading_bot.src.core.advanced_risk_manager - INFO - Starting advanced risk manager...
2025-09-12 00:49:20,037 - trading_bot.src.core.advanced_risk_manager - INFO - Advanced risk manager started successfully
2025-09-12 00:49:20,037 - trading_bot.src.core.market_regime_detector - INFO - Starting market regime detector...
2025-09-12 00:49:20,037 - trading_bot.src.core.market_regime_detector - INFO - Market regime detector started successfully
2025-09-12 00:49:20,037 - __main__ - INFO - All components initialized successfully
2025-09-12 00:49:20,037 - trading_bot.src.notifications.notification_layer - INFO - 📢 Starting notification process: STARTUP
2025-09-12 00:49:20,038 - trading_bot.src.notifications.notification_layer - INFO - 📊 Notification data keys: ['message']
2025-09-12 00:49:20,038 - trading_bot.src.notifications.notification_layer - INFO - 🚀 Sending startup notification...
2025-09-12 00:49:20,038 - trading_bot.src.notifications.notification_layer - INFO - ✅ Startup notification result: True
2025-09-12 00:49:20,038 - __main__ - INFO - Enhanced startup notification sent successfully
2025-09-12 00:49:20,116 - trading_bot.src.data.data_layer - INFO - Fetched 49 real candles for EUR_USD TimeFrame.M1
2025-09-12 00:49:20,179 - trading_bot.src.data.data_layer - INFO - Fetched 49 real candles for EUR_USD TimeFrame.M5
2025-09-12 00:49:20,267 - trading_bot.src.data.data_layer - INFO - Fetched 49 real candles for EUR_USD TimeFrame.M15
2025-09-12 00:49:20,335 - trading_bot.src.data.data_layer - INFO - Fetched 49 real candles for USD_JPY TimeFrame.M1
2025-09-12 00:49:20,402 - trading_bot.src.data.data_layer - INFO - Fetched 49 real candles for USD_JPY TimeFrame.M5
2025-09-12 00:49:20,465 - trading_bot.src.data.data_layer - INFO - Fetched 49 real candles for USD_JPY TimeFrame.M15
2025-09-12 00:49:20,556 - trading_bot.src.data.data_layer - INFO - Fetched 49 real candles for GBP_JPY TimeFrame.M1
2025-09-12 00:49:20,640 - trading_bot.src.data.data_layer - INFO - Fetched 49 real candles for GBP_JPY TimeFrame.M5
2025-09-12 00:49:20,736 - trading_bot.src.data.data_layer - INFO - Fetched 49 real candles for GBP_JPY TimeFrame.M15
2025-09-12 00:49:20,736 - trading_bot.src.core.fundamental_analyzer - INFO - No database available, using empty calendar cache
2025-09-12 00:49:20,736 - trading_bot.src.core.fundamental_analyzer - INFO - Using neutral sentiment (scrapers removed due to poor data quality)
2025-09-12 00:49:20,737 - trading_bot.src.ai.technical_analysis_layer - INFO - 📈 Starting technical indicator calculation for 49 candles...
2025-09-12 00:49:20,737 - trading_bot.src.ai.technical_analysis_layer - INFO - 📊 Filtered 49 candles to 10 candles
2025-09-12 00:49:20,737 - trading_bot.src.ai.technical_analysis_layer - WARNING - ⚠️ After time filtering, insufficient candles: 10 < 20
2025-09-12 00:49:20,737 - trading_bot.src.ai.technical_analysis_layer - INFO - 📈 Starting technical indicator calculation for 49 candles...
2025-09-12 00:49:20,737 - trading_bot.src.ai.technical_analysis_layer - INFO - 📊 Filtered 49 candles to 49 candles
2025-09-12 00:49:20,738 - trading_bot.src.ai.technical_analysis_layer - INFO - 📈 Using 49 filtered candles for analysis
2025-09-12 00:49:20,752 - trading_bot.src.ai.technical_analysis_layer - INFO - 📈 Starting technical indicator calculation for 49 candles...
2025-09-12 00:49:20,753 - trading_bot.src.ai.technical_analysis_layer - INFO - 📊 Filtered 49 candles to 49 candles
2025-09-12 00:49:20,753 - trading_bot.src.ai.technical_analysis_layer - INFO - 📈 Using 49 filtered candles for analysis
2025-09-12 00:49:20,765 - trading_bot.src.core.market_regime_detector - INFO - 📊 Starting market regime detection for EUR_USD...
2025-09-12 00:49:20,765 - trading_bot.src.core.market_regime_detector - INFO - 📈 EUR_USD: Analyzing 49 candles
2025-09-12 00:49:20,765 - trading_bot.src.core.market_regime_detector - INFO - 📊 EUR_USD: Calculating trend strength...
2025-09-12 00:49:20,765 - trading_bot.src.core.market_regime_detector - INFO - 📊 EUR_USD: Trend strength: 0.000
2025-09-12 00:49:20,765 - trading_bot.src.core.market_regime_detector - INFO - 📊 EUR_USD: Calculating volatility level...
2025-09-12 00:49:20,765 - trading_bot.src.core.market_regime_detector - INFO - 📊 EUR_USD: Volatility level: 0.000
2025-09-12 00:49:20,765 - trading_bot.src.core.market_regime_detector - INFO - 📊 EUR_USD: Calculating momentum score...
2025-09-12 00:49:20,765 - trading_bot.src.core.market_regime_detector - INFO - 📊 EUR_USD: Momentum score: 0.467
2025-09-12 00:49:20,765 - trading_bot.src.core.market_regime_detector - INFO - 📊 EUR_USD: Calculating support/resistance levels...
2025-09-12 00:49:20,765 - trading_bot.src.core.market_regime_detector - INFO - 📊 EUR_USD: Support/Resistance - Support: 0.82018, Resistance: 0.82018
2025-09-12 00:49:20,766 - trading_bot.src.core.market_regime_detector - INFO - 🎯 EUR_USD: Determining market regime...
2025-09-12 00:49:20,766 - trading_bot.src.core.market_regime_detector - INFO - 🎯 EUR_USD: Detected regime: CONSOLIDATION
2025-09-12 00:49:20,766 - trading_bot.src.core.market_regime_detector - INFO - 📊 EUR_USD: Calculating confidence...
2025-09-12 00:49:20,766 - trading_bot.src.core.market_regime_detector - INFO - 📊 EUR_USD: Confidence: 0.680
2025-09-12 00:49:20,766 - trading_bot.src.core.market_regime_detector - INFO - 📊 EUR_USD: Strategy params: {'timeframes': ['M15', 'M30'], 'indicators': ['BollingerBands', 'RSI'], 'entry_method': 'range_break...
2025-09-12 00:49:20,766 - trading_bot.src.core.market_regime_detector - INFO - ✅ Market regime detection completed for EUR_USD
2025-09-12 00:49:20,766 - trading_bot.src.decision.technical_decision_layer - INFO - 🎯 Starting technical decision making for EUR_USD...
2025-09-12 00:49:20,767 - trading_bot.src.decision.technical_decision_layer - INFO - ✅ Technical trade APPROVED for EUR_USD: Signal=TradeSignal.SELL, Confidence=0.80, Size=10.00
2025-09-12 00:49:20,767 - trading_bot.src.decision.technical_decision_layer - INFO - 📊 Technical Decision: EUR_USD - Signal: sell, Confidence: 0.80, Entry: 1.17248, SL: 1.172805714285714294240, TP: 1.1719914285714285586400
2025-09-12 00:49:20,767 - trading_bot.src.decision.enhanced_excel_trade_recorder - INFO - Recorded complete trade decision for EUR_USD
2025-09-12 00:49:20,767 - trading_bot.src.core.fundamental_analyzer - INFO - No database available, using empty calendar cache
2025-09-12 00:49:20,767 - trading_bot.src.ai.technical_analysis_layer - INFO - 📈 Starting technical indicator calculation for 49 candles...
2025-09-12 00:49:20,768 - trading_bot.src.ai.technical_analysis_layer - INFO - 📊 Filtered 49 candles to 10 candles
2025-09-12 00:49:20,768 - trading_bot.src.ai.technical_analysis_layer - WARNING - ⚠️ After time filtering, insufficient candles: 10 < 20
2025-09-12 00:49:20,768 - trading_bot.src.ai.technical_analysis_layer - INFO - 📈 Starting technical indicator calculation for 49 candles...
2025-09-12 00:49:20,768 - trading_bot.src.ai.technical_analysis_layer - INFO - 📊 Filtered 49 candles to 49 candles
2025-09-12 00:49:20,768 - trading_bot.src.ai.technical_analysis_layer - INFO - 📈 Using 49 filtered candles for analysis
2025-09-12 00:49:20,779 - trading_bot.src.ai.technical_analysis_layer - INFO - 📈 Starting technical indicator calculation for 49 candles...
2025-09-12 00:49:20,779 - trading_bot.src.ai.technical_analysis_layer - INFO - 📊 Filtered 49 candles to 49 candles
2025-09-12 00:49:20,779 - trading_bot.src.ai.technical_analysis_layer - INFO - 📈 Using 49 filtered candles for analysis
2025-09-12 00:49:20,789 - trading_bot.src.core.market_regime_detector - INFO - 📊 Starting market regime detection for USD_JPY...
2025-09-12 00:49:20,789 - trading_bot.src.core.market_regime_detector - INFO - 📈 USD_JPY: Analyzing 49 candles
2025-09-12 00:49:20,790 - trading_bot.src.core.market_regime_detector - INFO - 📊 USD_JPY: Calculating trend strength...
2025-09-12 00:49:20,790 - trading_bot.src.core.market_regime_detector - INFO - 📊 USD_JPY: Trend strength: 0.002
2025-09-12 00:49:20,790 - trading_bot.src.core.market_regime_detector - INFO - 📊 USD_JPY: Calculating volatility level...
2025-09-12 00:49:20,790 - trading_bot.src.core.market_regime_detector - INFO - 📊 USD_JPY: Volatility level: 0.000
2025-09-12 00:49:20,790 - trading_bot.src.core.market_regime_detector - INFO - 📊 USD_JPY: Calculating momentum score...
2025-09-12 00:49:20,790 - trading_bot.src.core.market_regime_detector - INFO - 📊 USD_JPY: Momentum score: 0.700
2025-09-12 00:49:20,790 - trading_bot.src.core.market_regime_detector - INFO - 📊 USD_JPY: Calculating support/resistance levels...
2025-09-12 00:49:20,790 - trading_bot.src.core.market_regime_detector - INFO - 📊 USD_JPY: Support/Resistance - Support: 0.83438, Resistance: 0.83438
2025-09-12 00:49:20,790 - trading_bot.src.core.market_regime_detector - INFO - 🎯 USD_JPY: Determining market regime...
2025-09-12 00:49:20,790 - trading_bot.src.core.market_regime_detector - INFO - 🎯 USD_JPY: Detected regime: CONSOLIDATION
2025-09-12 00:49:20,790 - trading_bot.src.core.market_regime_detector - INFO - 📊 USD_JPY: Calculating confidence...
2025-09-12 00:49:20,790 - trading_bot.src.core.market_regime_detector - INFO - 📊 USD_JPY: Confidence: 0.684
2025-09-12 00:49:20,790 - trading_bot.src.core.market_regime_detector - INFO - 📊 USD_JPY: Strategy params: {'timeframes': ['M15', 'M30'], 'indicators': ['BollingerBands', 'RSI'], 'entry_method': 'range_break...
2025-09-12 00:49:20,790 - trading_bot.src.core.market_regime_detector - INFO - ✅ Market regime detection completed for USD_JPY
2025-09-12 00:49:20,790 - trading_bot.src.decision.technical_decision_layer - INFO - 🎯 Starting technical decision making for USD_JPY...
2025-09-12 00:49:20,791 - trading_bot.src.decision.technical_decision_layer - INFO - ✅ Technical trade APPROVED for USD_JPY: Signal=TradeSignal.BUY, Confidence=0.80, Size=10.00
2025-09-12 00:49:20,791 - trading_bot.src.decision.technical_decision_layer - INFO - 📊 Technical Decision: USD_JPY - Signal: buy, Confidence: 0.80, Entry: 147.5325, SL: 147.487214285714280620, TP: 147.6004285714285790700
2025-09-12 00:49:20,791 - trading_bot.src.decision.enhanced_excel_trade_recorder - INFO - Recorded complete trade decision for USD_JPY
2025-09-12 00:49:20,791 - trading_bot.src.core.fundamental_analyzer - INFO - No database available, using empty calendar cache
2025-09-12 00:49:20,791 - trading_bot.src.ai.technical_analysis_layer - INFO - 📈 Starting technical indicator calculation for 49 candles...
2025-09-12 00:49:20,791 - trading_bot.src.ai.technical_analysis_layer - INFO - 📊 Filtered 49 candles to 10 candles
2025-09-12 00:49:20,791 - trading_bot.src.ai.technical_analysis_layer - WARNING - ⚠️ After time filtering, insufficient candles: 10 < 20
2025-09-12 00:49:20,791 - trading_bot.src.ai.technical_analysis_layer - INFO - 📈 Starting technical indicator calculation for 49 candles...
2025-09-12 00:49:20,792 - trading_bot.src.ai.technical_analysis_layer - INFO - 📊 Filtered 49 candles to 49 candles
2025-09-12 00:49:20,792 - trading_bot.src.ai.technical_analysis_layer - INFO - 📈 Using 49 filtered candles for analysis
2025-09-12 00:49:20,802 - trading_bot.src.ai.technical_analysis_layer - INFO - 📈 Starting technical indicator calculation for 49 candles...
2025-09-12 00:49:20,802 - trading_bot.src.ai.technical_analysis_layer - INFO - 📊 Filtered 49 candles to 49 candles
2025-09-12 00:49:20,802 - trading_bot.src.ai.technical_analysis_layer - INFO - 📈 Using 49 filtered candles for analysis
2025-09-12 00:49:20,812 - trading_bot.src.core.market_regime_detector - INFO - 📊 Starting market regime detection for GBP_JPY...
2025-09-12 00:49:20,812 - trading_bot.src.core.market_regime_detector - INFO - 📈 GBP_JPY: Analyzing 49 candles
2025-09-12 00:49:20,812 - trading_bot.src.core.market_regime_detector - INFO - 📊 GBP_JPY: Calculating trend strength...
2025-09-12 00:49:20,812 - trading_bot.src.core.market_regime_detector - INFO - 📊 GBP_JPY: Trend strength: 0.001
2025-09-12 00:49:20,812 - trading_bot.src.core.market_regime_detector - INFO - 📊 GBP_JPY: Calculating volatility level...
2025-09-12 00:49:20,812 - trading_bot.src.core.market_regime_detector - INFO - 📊 GBP_JPY: Volatility level: 0.000
2025-09-12 00:49:20,812 - trading_bot.src.core.market_regime_detector - INFO - 📊 GBP_JPY: Calculating momentum score...
2025-09-12 00:49:20,812 - trading_bot.src.core.market_regime_detector - INFO - 📊 GBP_JPY: Momentum score: 0.700
2025-09-12 00:49:20,812 - trading_bot.src.core.market_regime_detector - INFO - 📊 GBP_JPY: Calculating support/resistance levels...
2025-09-12 00:49:20,813 - trading_bot.src.core.market_regime_detector - INFO - 📊 GBP_JPY: Support/Resistance - Support: 0.71901, Resistance: 0.71901
2025-09-12 00:49:20,813 - trading_bot.src.core.market_regime_detector - INFO - 🎯 GBP_JPY: Determining market regime...
2025-09-12 00:49:20,813 - trading_bot.src.core.market_regime_detector - INFO - 🎯 GBP_JPY: Detected regime: CONSOLIDATION
2025-09-12 00:49:20,813 - trading_bot.src.core.market_regime_detector - INFO - 📊 GBP_JPY: Calculating confidence...
2025-09-12 00:49:20,813 - trading_bot.src.core.market_regime_detector - INFO - 📊 GBP_JPY: Confidence: 0.655
2025-09-12 00:49:20,813 - trading_bot.src.core.market_regime_detector - INFO - 📊 GBP_JPY: Strategy params: {'timeframes': ['M15', 'M30'], 'indicators': ['BollingerBands', 'RSI'], 'entry_method': 'range_break...
2025-09-12 00:49:20,813 - trading_bot.src.core.market_regime_detector - INFO - ✅ Market regime detection completed for GBP_JPY
2025-09-12 00:49:20,813 - trading_bot.src.decision.technical_decision_layer - INFO - 🎯 Starting technical decision making for GBP_JPY...
2025-09-12 00:49:20,813 - trading_bot.src.decision.technical_decision_layer - INFO - ✅ Technical trade APPROVED for GBP_JPY: Signal=TradeSignal.BUY, Confidence=0.80, Size=10.00
2025-09-12 00:49:20,813 - trading_bot.src.decision.technical_decision_layer - INFO - 📊 Technical Decision: GBP_JPY - Signal: buy, Confidence: 0.80, Entry: 199.9735, SL: 199.909357142857145160, TP: 200.0697142857142822600
2025-09-12 00:49:20,813 - trading_bot.src.decision.enhanced_excel_trade_recorder - INFO - Recorded complete trade decision for GBP_JPY
2025-09-12 00:49:20,813 - __main__ - INFO - Processing analysis for EUR_USD: <class 'dict'>
2025-09-12 00:49:20,813 - __main__ - INFO - Processing analysis for USD_JPY: <class 'dict'>
2025-09-12 00:49:20,814 - __main__ - INFO - Processing analysis for GBP_JPY: <class 'dict'>
2025-09-12 00:49:20,814 - trading_bot.src.notifications.notification_layer - INFO - 📢 Starting notification process: LOOP_REPORT
2025-09-12 00:49:20,814 - trading_bot.src.notifications.notification_layer - INFO - 📊 Notification data keys: ['message']
2025-09-12 00:49:20,814 - trading_bot.src.notifications.notification_layer - INFO - 📊 Sending loop report notification...
2025-09-12 00:49:20,814 - trading_bot.src.notifications.notification_layer - INFO - ✅ Loop report result: True
2025-09-12 00:50:19,734 - trading_bot.src.data.data_layer - INFO - Using real OANDA API data
2025-09-12 00:50:19,950 - __main__ - INFO - Starting Enhanced Market Adaptive Trading Bot...
2025-09-12 00:50:20,448 - trading_bot.src.data.data_layer - INFO - Initializing data for EUR_USD
2025-09-12 00:50:20,550 - trading_bot.src.data.data_layer - INFO - Fetched 199 real candles for EUR_USD TimeFrame.M1
2025-09-12 00:50:20,648 - trading_bot.src.data.data_layer - INFO - Fetched 199 real candles for EUR_USD TimeFrame.M5
2025-09-12 00:50:20,733 - trading_bot.src.data.data_layer - INFO - Fetched 199 real candles for EUR_USD TimeFrame.M15
2025-09-12 00:50:20,733 - trading_bot.src.data.data_layer - INFO - Initializing data for USD_JPY
2025-09-12 00:50:20,827 - trading_bot.src.data.data_layer - INFO - Fetched 199 real candles for USD_JPY TimeFrame.M1
2025-09-12 00:50:20,902 - trading_bot.src.data.data_layer - INFO - Fetched 199 real candles for USD_JPY TimeFrame.M5
2025-09-12 00:50:20,988 - trading_bot.src.data.data_layer - INFO - Fetched 199 real candles for USD_JPY TimeFrame.M15
2025-09-12 00:50:20,988 - trading_bot.src.data.data_layer - INFO - Initializing data for GBP_JPY
2025-09-12 00:50:21,068 - trading_bot.src.data.data_layer - INFO - Fetched 199 real candles for GBP_JPY TimeFrame.M1
2025-09-12 00:50:21,230 - trading_bot.src.data.data_layer - INFO - Fetched 199 real candles for GBP_JPY TimeFrame.M5
2025-09-12 00:50:21,314 - trading_bot.src.data.data_layer - INFO - Fetched 199 real candles for GBP_JPY TimeFrame.M15
2025-09-12 00:50:21,314 - trading_bot.src.data.data_layer - INFO - Data layer started successfully
2025-09-12 00:50:21,314 - trading_bot.src.ai.technical_analysis_layer - INFO - Starting technical analysis layer...
2025-09-12 00:50:21,314 - trading_bot.src.ai.technical_analysis_layer - INFO - Technical analysis layer started successfully
2025-09-12 00:50:21,314 - trading_bot.src.decision.technical_decision_layer - INFO - Starting technical decision layer...
2025-09-12 00:50:21,315 - trading_bot.src.decision.enhanced_excel_trade_recorder - INFO - Enhanced Excel trade recorder started
2025-09-12 00:50:21,315 - trading_bot.src.decision.performance_tracker - INFO - Performance tracker started
2025-09-12 00:50:21,315 - trading_bot.src.decision.technical_decision_layer - INFO - Technical decision layer started successfully
2025-09-12 00:50:21,315 - trading_bot.src.notifications.notification_layer - INFO - Notification layer started successfully
2025-09-12 00:50:21,315 - trading_bot.src.notifications.callback_handler - INFO - Callback handler started successfully
2025-09-12 00:50:21,315 - trading_bot.src.core.position_manager - INFO - Starting position manager...
2025-09-12 00:50:21,315 - trading_bot.src.core.position_manager - INFO - Position manager started successfully
2025-09-12 00:50:21,315 - trading_bot.src.core.fundamental_analyzer - INFO - Starting fundamental analyzer...
2025-09-12 00:50:21,315 - trading_bot.src.core.fundamental_analyzer - INFO - Fundamental analyzer started successfully
2025-09-12 00:50:21,315 - trading_bot.src.core.advanced_risk_manager - INFO - Starting advanced risk manager...
2025-09-12 00:50:21,315 - trading_bot.src.core.advanced_risk_manager - INFO - Advanced risk manager started successfully
2025-09-12 00:50:21,316 - trading_bot.src.core.market_regime_detector - INFO - Starting market regime detector...
2025-09-12 00:50:21,316 - trading_bot.src.core.market_regime_detector - INFO - Market regime detector started successfully
2025-09-12 00:50:21,316 - __main__ - INFO - All components initialized successfully
2025-09-12 00:50:21,316 - trading_bot.src.notifications.notification_layer - INFO - 📢 Starting notification process: STARTUP
2025-09-12 00:50:21,316 - trading_bot.src.notifications.notification_layer - INFO - 📊 Notification data keys: ['message']
2025-09-12 00:50:21,316 - trading_bot.src.notifications.notification_layer - INFO - 🚀 Sending startup notification...
2025-09-12 00:50:21,316 - trading_bot.src.notifications.notification_layer - INFO - ✅ Startup notification result: True
2025-09-12 00:50:21,316 - __main__ - INFO - Enhanced startup notification sent successfully
2025-09-12 00:50:21,382 - trading_bot.src.data.data_layer - INFO - Fetched 49 real candles for EUR_USD TimeFrame.M1
2025-09-12 00:50:21,459 - trading_bot.src.data.data_layer - INFO - Fetched 49 real candles for EUR_USD TimeFrame.M5
2025-09-12 00:50:21,549 - trading_bot.src.data.data_layer - INFO - Fetched 49 real candles for EUR_USD TimeFrame.M15
2025-09-12 00:50:21,645 - trading_bot.src.data.data_layer - INFO - Fetched 49 real candles for USD_JPY TimeFrame.M1
2025-09-12 00:50:21,870 - trading_bot.src.data.data_layer - INFO - Fetched 49 real candles for USD_JPY TimeFrame.M5
2025-09-12 00:50:21,951 - trading_bot.src.data.data_layer - INFO - Fetched 49 real candles for USD_JPY TimeFrame.M15
2025-09-12 00:50:22,023 - trading_bot.src.data.data_layer - INFO - Fetched 49 real candles for GBP_JPY TimeFrame.M1
2025-09-12 00:50:22,128 - trading_bot.src.data.data_layer - INFO - Fetched 49 real candles for GBP_JPY TimeFrame.M5
2025-09-12 00:50:22,217 - trading_bot.src.data.data_layer - INFO - Fetched 49 real candles for GBP_JPY TimeFrame.M15
2025-09-12 00:50:22,217 - trading_bot.src.core.fundamental_analyzer - INFO - No database available, using empty calendar cache
2025-09-12 00:50:22,217 - trading_bot.src.core.fundamental_analyzer - INFO - Using neutral sentiment (scrapers removed due to poor data quality)
2025-09-12 00:50:22,217 - trading_bot.src.ai.technical_analysis_layer - INFO - 📈 Starting technical indicator calculation for 49 candles...
2025-09-12 00:50:22,218 - trading_bot.src.ai.technical_analysis_layer - INFO - 📊 Filtered 49 candles to 10 candles
2025-09-12 00:50:22,218 - trading_bot.src.ai.technical_analysis_layer - WARNING - ⚠️ After time filtering, insufficient candles: 10 < 20
2025-09-12 00:50:22,218 - trading_bot.src.ai.technical_analysis_layer - INFO - 📈 Starting technical indicator calculation for 49 candles...
2025-09-12 00:50:22,218 - trading_bot.src.ai.technical_analysis_layer - INFO - 📊 Filtered 49 candles to 49 candles
2025-09-12 00:50:22,218 - trading_bot.src.ai.technical_analysis_layer - INFO - 📈 Using 49 filtered candles for analysis
2025-09-12 00:50:22,233 - trading_bot.src.ai.technical_analysis_layer - INFO - 📈 Starting technical indicator calculation for 49 candles...
2025-09-12 00:50:22,234 - trading_bot.src.ai.technical_analysis_layer - INFO - 📊 Filtered 49 candles to 49 candles
2025-09-12 00:50:22,234 - trading_bot.src.ai.technical_analysis_layer - INFO - 📈 Using 49 filtered candles for analysis
2025-09-12 00:50:22,246 - trading_bot.src.core.market_regime_detector - INFO - 📊 Starting market regime detection for EUR_USD...
2025-09-12 00:50:22,246 - trading_bot.src.core.market_regime_detector - INFO - 📈 EUR_USD: Analyzing 49 candles
2025-09-12 00:50:22,246 - trading_bot.src.core.market_regime_detector - INFO - 📊 EUR_USD: Calculating trend strength...
2025-09-12 00:50:22,247 - trading_bot.src.core.market_regime_detector - INFO - 📊 EUR_USD: Trend strength: 0.000
2025-09-12 00:50:22,247 - trading_bot.src.core.market_regime_detector - INFO - 📊 EUR_USD: Calculating volatility level...
2025-09-12 00:50:22,247 - trading_bot.src.core.market_regime_detector - INFO - 📊 EUR_USD: Volatility level: 0.000
2025-09-12 00:50:22,247 - trading_bot.src.core.market_regime_detector - INFO - 📊 EUR_USD: Calculating momentum score...
2025-09-12 00:50:22,247 - trading_bot.src.core.market_regime_detector - INFO - 📊 EUR_USD: Momentum score: 0.467
2025-09-12 00:50:22,247 - trading_bot.src.core.market_regime_detector - INFO - 📊 EUR_USD: Calculating support/resistance levels...
2025-09-12 00:50:22,247 - trading_bot.src.core.market_regime_detector - INFO - 📊 EUR_USD: Support/Resistance - Support: 0.81140, Resistance: 0.81140
2025-09-12 00:50:22,247 - trading_bot.src.core.market_regime_detector - INFO - 🎯 EUR_USD: Determining market regime...
2025-09-12 00:50:22,247 - trading_bot.src.core.market_regime_detector - INFO - 🎯 EUR_USD: Detected regime: CONSOLIDATION
2025-09-12 00:50:22,247 - trading_bot.src.core.market_regime_detector - INFO - 📊 EUR_USD: Calculating confidence...
2025-09-12 00:50:22,247 - trading_bot.src.core.market_regime_detector - INFO - 📊 EUR_USD: Confidence: 0.678
2025-09-12 00:50:22,248 - trading_bot.src.core.market_regime_detector - INFO - 📊 EUR_USD: Strategy params: {'timeframes': ['M15', 'M30'], 'indicators': ['BollingerBands', 'RSI'], 'entry_method': 'range_break...
2025-09-12 00:50:22,248 - trading_bot.src.core.market_regime_detector - INFO - ✅ Market regime detection completed for EUR_USD
2025-09-12 00:50:22,248 - trading_bot.src.decision.technical_decision_layer - INFO - 🎯 Starting technical decision making for EUR_USD...
2025-09-12 00:50:22,248 - trading_bot.src.decision.technical_decision_layer - INFO - ✅ Technical trade APPROVED for EUR_USD: Signal=TradeSignal.SELL, Confidence=0.80, Size=10.00
2025-09-12 00:50:22,248 - trading_bot.src.decision.technical_decision_layer - INFO - 📊 Technical Decision: EUR_USD - Signal: sell, Confidence: 0.80, Entry: 1.172515, SL: 1.17285357142857142620, TP: 1.172007142857142860700
2025-09-12 00:50:22,248 - trading_bot.src.decision.enhanced_excel_trade_recorder - INFO - Recorded complete trade decision for EUR_USD
2025-09-12 00:50:22,248 - trading_bot.src.core.fundamental_analyzer - INFO - No database available, using empty calendar cache
2025-09-12 00:50:22,248 - trading_bot.src.ai.technical_analysis_layer - INFO - 📈 Starting technical indicator calculation for 49 candles...
2025-09-12 00:50:22,249 - trading_bot.src.ai.technical_analysis_layer - INFO - 📊 Filtered 49 candles to 10 candles
2025-09-12 00:50:22,249 - trading_bot.src.ai.technical_analysis_layer - WARNING - ⚠️ After time filtering, insufficient candles: 10 < 20
2025-09-12 00:50:22,249 - trading_bot.src.ai.technical_analysis_layer - INFO - 📈 Starting technical indicator calculation for 49 candles...
2025-09-12 00:50:22,249 - trading_bot.src.ai.technical_analysis_layer - INFO - 📊 Filtered 49 candles to 49 candles
2025-09-12 00:50:22,249 - trading_bot.src.ai.technical_analysis_layer - INFO - 📈 Using 49 filtered candles for analysis
2025-09-12 00:50:22,260 - trading_bot.src.ai.technical_analysis_layer - INFO - 📈 Starting technical indicator calculation for 49 candles...
2025-09-12 00:50:22,260 - trading_bot.src.ai.technical_analysis_layer - INFO - 📊 Filtered 49 candles to 49 candles
2025-09-12 00:50:22,260 - trading_bot.src.ai.technical_analysis_layer - INFO - 📈 Using 49 filtered candles for analysis
2025-09-12 00:50:22,270 - trading_bot.src.core.market_regime_detector - INFO - 📊 Starting market regime detection for USD_JPY...
2025-09-12 00:50:22,270 - trading_bot.src.core.market_regime_detector - INFO - 📈 USD_JPY: Analyzing 49 candles
2025-09-12 00:50:22,270 - trading_bot.src.core.market_regime_detector - INFO - 📊 USD_JPY: Calculating trend strength...
2025-09-12 00:50:22,270 - trading_bot.src.core.market_regime_detector - INFO - 📊 USD_JPY: Trend strength: 0.002
2025-09-12 00:50:22,270 - trading_bot.src.core.market_regime_detector - INFO - 📊 USD_JPY: Calculating volatility level...
2025-09-12 00:50:22,271 - trading_bot.src.core.market_regime_detector - INFO - 📊 USD_JPY: Volatility level: 0.000
2025-09-12 00:50:22,271 - trading_bot.src.core.market_regime_detector - INFO - 📊 USD_JPY: Calculating momentum score...
2025-09-12 00:50:22,271 - trading_bot.src.core.market_regime_detector - INFO - 📊 USD_JPY: Momentum score: 0.667
2025-09-12 00:50:22,271 - trading_bot.src.core.market_regime_detector - INFO - 📊 USD_JPY: Calculating support/resistance levels...
2025-09-12 00:50:22,271 - trading_bot.src.core.market_regime_detector - INFO - 📊 USD_JPY: Support/Resistance - Support: 0.84227, Resistance: 0.84227
2025-09-12 00:50:22,271 - trading_bot.src.core.market_regime_detector - INFO - 🎯 USD_JPY: Determining market regime...
2025-09-12 00:50:22,271 - trading_bot.src.core.market_regime_detector - INFO - 🎯 USD_JPY: Detected regime: CONSOLIDATION
2025-09-12 00:50:22,271 - trading_bot.src.core.market_regime_detector - INFO - 📊 USD_JPY: Calculating confidence...
2025-09-12 00:50:22,271 - trading_bot.src.core.market_regime_detector - INFO - 📊 USD_JPY: Confidence: 0.686
2025-09-12 00:50:22,271 - trading_bot.src.core.market_regime_detector - INFO - 📊 USD_JPY: Strategy params: {'timeframes': ['M15', 'M30'], 'indicators': ['BollingerBands', 'RSI'], 'entry_method': 'range_break...
2025-09-12 00:50:22,271 - trading_bot.src.core.market_regime_detector - INFO - ✅ Market regime detection completed for USD_JPY
2025-09-12 00:50:22,271 - trading_bot.src.decision.technical_decision_layer - INFO - 🎯 Starting technical decision making for USD_JPY...
2025-09-12 00:50:22,271 - trading_bot.src.decision.technical_decision_layer - INFO - ✅ Technical trade APPROVED for USD_JPY: Signal=TradeSignal.BUY, Confidence=0.80, Size=10.00
2025-09-12 00:50:22,271 - trading_bot.src.decision.technical_decision_layer - INFO - 📊 Technical Decision: USD_JPY - Signal: buy, Confidence: 0.80, Entry: 147.5225, SL: 147.4729285714285661680, TP: 147.59685714285715074800
2025-09-12 00:50:22,272 - trading_bot.src.decision.enhanced_excel_trade_recorder - INFO - Recorded complete trade decision for USD_JPY
2025-09-12 00:50:22,272 - trading_bot.src.core.fundamental_analyzer - INFO - No database available, using empty calendar cache
2025-09-12 00:50:22,272 - trading_bot.src.ai.technical_analysis_layer - INFO - 📈 Starting technical indicator calculation for 49 candles...
2025-09-12 00:50:22,272 - trading_bot.src.ai.technical_analysis_layer - INFO - 📊 Filtered 49 candles to 10 candles
2025-09-12 00:50:22,272 - trading_bot.src.ai.technical_analysis_layer - WARNING - ⚠️ After time filtering, insufficient candles: 10 < 20
2025-09-12 00:50:22,272 - trading_bot.src.ai.technical_analysis_layer - INFO - 📈 Starting technical indicator calculation for 49 candles...
2025-09-12 00:50:22,272 - trading_bot.src.ai.technical_analysis_layer - INFO - 📊 Filtered 49 candles to 49 candles
2025-09-12 00:50:22,272 - trading_bot.src.ai.technical_analysis_layer - INFO - 📈 Using 49 filtered candles for analysis
2025-09-12 00:50:22,282 - trading_bot.src.ai.technical_analysis_layer - INFO - 📈 Starting technical indicator calculation for 49 candles...
2025-09-12 00:50:22,282 - trading_bot.src.ai.technical_analysis_layer - INFO - 📊 Filtered 49 candles to 49 candles
2025-09-12 00:50:22,282 - trading_bot.src.ai.technical_analysis_layer - INFO - 📈 Using 49 filtered candles for analysis
2025-09-12 00:50:22,291 - trading_bot.src.core.market_regime_detector - INFO - 📊 Starting market regime detection for GBP_JPY...
2025-09-12 00:50:22,291 - trading_bot.src.core.market_regime_detector - INFO - 📈 GBP_JPY: Analyzing 49 candles
2025-09-12 00:50:22,291 - trading_bot.src.core.market_regime_detector - INFO - 📊 GBP_JPY: Calculating trend strength...
2025-09-12 00:50:22,291 - trading_bot.src.core.market_regime_detector - INFO - 📊 GBP_JPY: Trend strength: 0.001
2025-09-12 00:50:22,291 - trading_bot.src.core.market_regime_detector - INFO - 📊 GBP_JPY: Calculating volatility level...
2025-09-12 00:50:22,291 - trading_bot.src.core.market_regime_detector - INFO - 📊 GBP_JPY: Volatility level: 0.000
2025-09-12 00:50:22,291 - trading_bot.src.core.market_regime_detector - INFO - 📊 GBP_JPY: Calculating momentum score...
2025-09-12 00:50:22,291 - trading_bot.src.core.market_regime_detector - INFO - 📊 GBP_JPY: Momentum score: 0.667
2025-09-12 00:50:22,292 - trading_bot.src.core.market_regime_detector - INFO - 📊 GBP_JPY: Calculating support/resistance levels...
2025-09-12 00:50:22,292 - trading_bot.src.core.market_regime_detector - INFO - 📊 GBP_JPY: Support/Resistance - Support: 0.78512, Resistance: 0.78512
2025-09-12 00:50:22,292 - trading_bot.src.core.market_regime_detector - INFO - 🎯 GBP_JPY: Determining market regime...
2025-09-12 00:50:22,292 - trading_bot.src.core.market_regime_detector - INFO - 🎯 GBP_JPY: Detected regime: CONSOLIDATION
2025-09-12 00:50:22,292 - trading_bot.src.core.market_regime_detector - INFO - 📊 GBP_JPY: Calculating confidence...
2025-09-12 00:50:22,292 - trading_bot.src.core.market_regime_detector - INFO - 📊 GBP_JPY: Confidence: 0.671
2025-09-12 00:50:22,292 - trading_bot.src.core.market_regime_detector - INFO - 📊 GBP_JPY: Strategy params: {'timeframes': ['M15', 'M30'], 'indicators': ['BollingerBands', 'RSI'], 'entry_method': 'range_break...
2025-09-12 00:50:22,292 - trading_bot.src.core.market_regime_detector - INFO - ✅ Market regime detection completed for GBP_JPY
2025-09-12 00:50:22,292 - trading_bot.src.decision.technical_decision_layer - INFO - 🎯 Starting technical decision making for GBP_JPY...
2025-09-12 00:50:22,292 - trading_bot.src.decision.technical_decision_layer - INFO - ✅ Technical trade APPROVED for GBP_JPY: Signal=TradeSignal.BUY, Confidence=0.80, Size=10.00
2025-09-12 00:50:22,292 - trading_bot.src.decision.technical_decision_layer - INFO - 📊 Technical Decision: GBP_JPY - Signal: buy, Confidence: 0.80, Entry: 199.959, SL: 199.8899999999999994120, TP: 200.06250000000000088200
2025-09-12 00:50:22,292 - trading_bot.src.decision.enhanced_excel_trade_recorder - INFO - Recorded complete trade decision for GBP_JPY
2025-09-12 00:50:22,292 - __main__ - INFO - Processing analysis for EUR_USD: <class 'dict'>
2025-09-12 00:50:22,292 - __main__ - INFO - Processing analysis for USD_JPY: <class 'dict'>
2025-09-12 00:50:22,293 - __main__ - INFO - Processing analysis for GBP_JPY: <class 'dict'>
2025-09-12 00:50:22,293 - trading_bot.src.notifications.notification_layer - INFO - 📢 Starting notification process: LOOP_REPORT
2025-09-12 00:50:22,293 - trading_bot.src.notifications.notification_layer - INFO - 📊 Notification data keys: ['message']
2025-09-12 00:50:22,293 - trading_bot.src.notifications.notification_layer - INFO - 📊 Sending loop report notification...
2025-09-12 00:50:22,293 - trading_bot.src.notifications.notification_layer - INFO - ✅ Loop report result: True
2025-09-12 00:54:45,210 - trading_bot.src.data.data_layer - INFO - Using real OANDA API data
2025-09-12 00:54:45,421 - __main__ - INFO - Starting Enhanced Market Adaptive Trading Bot...
2025-09-12 00:54:45,925 - trading_bot.src.data.data_layer - INFO - Initializing data for EUR_USD
2025-09-12 00:54:46,000 - trading_bot.src.data.data_layer - INFO - Fetched 199 real candles for EUR_USD TimeFrame.M1
2025-09-12 00:54:46,089 - trading_bot.src.data.data_layer - INFO - Fetched 199 real candles for EUR_USD TimeFrame.M5
2025-09-12 00:54:46,179 - trading_bot.src.data.data_layer - INFO - Fetched 199 real candles for EUR_USD TimeFrame.M15
2025-09-12 00:54:46,179 - trading_bot.src.data.data_layer - INFO - Initializing data for USD_JPY
2025-09-12 00:54:46,278 - trading_bot.src.data.data_layer - INFO - Fetched 199 real candles for USD_JPY TimeFrame.M1
2025-09-12 00:54:46,353 - trading_bot.src.data.data_layer - INFO - Fetched 199 real candles for USD_JPY TimeFrame.M5
2025-09-12 00:54:46,423 - trading_bot.src.data.data_layer - INFO - Fetched 199 real candles for USD_JPY TimeFrame.M15
2025-09-12 00:54:46,423 - trading_bot.src.data.data_layer - INFO - Initializing data for GBP_JPY
2025-09-12 00:54:46,502 - trading_bot.src.data.data_layer - INFO - Fetched 199 real candles for GBP_JPY TimeFrame.M1
2025-09-12 00:54:46,574 - trading_bot.src.data.data_layer - INFO - Fetched 199 real candles for GBP_JPY TimeFrame.M5
2025-09-12 00:54:46,661 - trading_bot.src.data.data_layer - INFO - Fetched 199 real candles for GBP_JPY TimeFrame.M15
2025-09-12 00:54:46,662 - trading_bot.src.data.data_layer - INFO - Data layer started successfully
2025-09-12 00:54:46,662 - trading_bot.src.ai.technical_analysis_layer - INFO - Starting technical analysis layer...
2025-09-12 00:54:46,662 - trading_bot.src.ai.technical_analysis_layer - INFO - Technical analysis layer started successfully
2025-09-12 00:54:46,662 - trading_bot.src.decision.technical_decision_layer - INFO - Starting technical decision layer...
2025-09-12 00:54:46,662 - trading_bot.src.decision.enhanced_excel_trade_recorder - INFO - Enhanced Excel trade recorder started
2025-09-12 00:54:46,662 - trading_bot.src.decision.performance_tracker - INFO - Performance tracker started
2025-09-12 00:54:46,663 - trading_bot.src.decision.technical_decision_layer - INFO - Technical decision layer started successfully
2025-09-12 00:54:46,663 - trading_bot.src.notifications.notification_layer - INFO - Notification layer started successfully
2025-09-12 00:54:46,663 - trading_bot.src.notifications.callback_handler - INFO - Callback handler started successfully
2025-09-12 00:54:46,663 - trading_bot.src.core.position_manager - INFO - Starting position manager...
2025-09-12 00:54:46,663 - trading_bot.src.core.position_manager - INFO - Position manager started successfully
2025-09-12 00:54:46,663 - trading_bot.src.core.fundamental_analyzer - INFO - Starting fundamental analyzer...
2025-09-12 00:54:46,663 - trading_bot.src.core.fundamental_analyzer - INFO - Fundamental analyzer started successfully
2025-09-12 00:54:46,663 - trading_bot.src.core.advanced_risk_manager - INFO - Starting advanced risk manager...
2025-09-12 00:54:46,663 - trading_bot.src.core.advanced_risk_manager - INFO - Advanced risk manager started successfully
2025-09-12 00:54:46,663 - trading_bot.src.core.market_regime_detector - INFO - Starting market regime detector...
2025-09-12 00:54:46,663 - trading_bot.src.core.market_regime_detector - INFO - Market regime detector started successfully
2025-09-12 00:54:46,663 - __main__ - INFO - All components initialized successfully
2025-09-12 00:54:46,664 - trading_bot.src.notifications.notification_layer - INFO - 📢 Starting notification process: STARTUP
2025-09-12 00:54:46,664 - trading_bot.src.notifications.notification_layer - INFO - 📊 Notification data keys: ['message']
2025-09-12 00:54:46,664 - trading_bot.src.notifications.notification_layer - INFO - 🚀 Sending startup notification...
2025-09-12 00:54:46,664 - trading_bot.src.notifications.notification_layer - INFO - ✅ Startup notification result: True
2025-09-12 00:54:46,664 - __main__ - INFO - Enhanced startup notification sent successfully
2025-09-12 00:54:46,740 - trading_bot.src.data.data_layer - INFO - Fetched 49 real candles for EUR_USD TimeFrame.M1
2025-09-12 00:54:46,812 - trading_bot.src.data.data_layer - INFO - Fetched 49 real candles for EUR_USD TimeFrame.M5
2025-09-12 00:54:46,968 - trading_bot.src.data.data_layer - INFO - Fetched 49 real candles for EUR_USD TimeFrame.M15
2025-09-12 00:54:47,030 - trading_bot.src.data.data_layer - INFO - Fetched 49 real candles for USD_JPY TimeFrame.M1
2025-09-12 00:54:47,095 - trading_bot.src.data.data_layer - INFO - Fetched 49 real candles for USD_JPY TimeFrame.M5
2025-09-12 00:54:47,172 - trading_bot.src.data.data_layer - INFO - Fetched 49 real candles for USD_JPY TimeFrame.M15
2025-09-12 00:54:47,268 - trading_bot.src.data.data_layer - INFO - Fetched 49 real candles for GBP_JPY TimeFrame.M1
2025-09-12 00:54:47,337 - trading_bot.src.data.data_layer - INFO - Fetched 49 real candles for GBP_JPY TimeFrame.M5
2025-09-12 00:54:47,400 - trading_bot.src.data.data_layer - INFO - Fetched 49 real candles for GBP_JPY TimeFrame.M15
2025-09-12 00:54:47,400 - trading_bot.src.core.fundamental_analyzer - INFO - No database available, using empty calendar cache
2025-09-12 00:54:47,400 - trading_bot.src.core.fundamental_analyzer - INFO - Using neutral sentiment (scrapers removed due to poor data quality)
2025-09-12 00:54:47,400 - trading_bot.src.ai.technical_analysis_layer - INFO - 📈 Starting technical indicator calculation for 49 candles...
2025-09-12 00:54:47,401 - trading_bot.src.ai.technical_analysis_layer - INFO - 📊 Filtered 49 candles to 10 candles
2025-09-12 00:54:47,401 - trading_bot.src.ai.technical_analysis_layer - WARNING - ⚠️ After time filtering, insufficient candles: 10 < 20
2025-09-12 00:54:47,401 - trading_bot.src.ai.technical_analysis_layer - INFO - 📈 Starting technical indicator calculation for 49 candles...
2025-09-12 00:54:47,401 - trading_bot.src.ai.technical_analysis_layer - INFO - 📊 Filtered 49 candles to 49 candles
2025-09-12 00:54:47,401 - trading_bot.src.ai.technical_analysis_layer - INFO - 📈 Using 49 filtered candles for analysis
2025-09-12 00:54:47,416 - trading_bot.src.ai.technical_analysis_layer - INFO - 📈 Starting technical indicator calculation for 49 candles...
2025-09-12 00:54:47,416 - trading_bot.src.ai.technical_analysis_layer - INFO - 📊 Filtered 49 candles to 49 candles
2025-09-12 00:54:47,416 - trading_bot.src.ai.technical_analysis_layer - INFO - 📈 Using 49 filtered candles for analysis
2025-09-12 00:54:47,429 - trading_bot.src.core.market_regime_detector - INFO - 📊 Starting market regime detection for EUR_USD...
2025-09-12 00:54:47,429 - trading_bot.src.core.market_regime_detector - INFO - 📈 EUR_USD: Analyzing 49 candles
2025-09-12 00:54:47,429 - trading_bot.src.core.market_regime_detector - INFO - 📊 EUR_USD: Calculating trend strength...
2025-09-12 00:54:47,429 - trading_bot.src.core.market_regime_detector - INFO - 📊 EUR_USD: Trend strength: 0.000
2025-09-12 00:54:47,429 - trading_bot.src.core.market_regime_detector - INFO - 📊 EUR_USD: Calculating volatility level...
2025-09-12 00:54:47,429 - trading_bot.src.core.market_regime_detector - INFO - 📊 EUR_USD: Volatility level: 0.000
2025-09-12 00:54:47,429 - trading_bot.src.core.market_regime_detector - INFO - 📊 EUR_USD: Calculating momentum score...
2025-09-12 00:54:47,430 - trading_bot.src.core.market_regime_detector - INFO - 📊 EUR_USD: Momentum score: 0.467
2025-09-12 00:54:47,430 - trading_bot.src.core.market_regime_detector - INFO - 📊 EUR_USD: Calculating support/resistance levels...
2025-09-12 00:54:47,430 - trading_bot.src.core.market_regime_detector - INFO - 📊 EUR_USD: Support/Resistance - Support: 0.81140, Resistance: 0.81140
2025-09-12 00:54:47,430 - trading_bot.src.core.market_regime_detector - INFO - 🎯 EUR_USD: Determining market regime...
2025-09-12 00:54:47,430 - trading_bot.src.core.market_regime_detector - INFO - 🎯 EUR_USD: Detected regime: CONSOLIDATION
2025-09-12 00:54:47,430 - trading_bot.src.core.market_regime_detector - INFO - 📊 EUR_USD: Calculating confidence...
2025-09-12 00:54:47,430 - trading_bot.src.core.market_regime_detector - INFO - 📊 EUR_USD: Confidence: 0.678
2025-09-12 00:54:47,430 - trading_bot.src.core.market_regime_detector - INFO - 📊 EUR_USD: Strategy params: {'timeframes': ['M15', 'M30'], 'indicators': ['BollingerBands', 'RSI'], 'entry_method': 'range_break...
2025-09-12 00:54:47,430 - trading_bot.src.core.market_regime_detector - INFO - ✅ Market regime detection completed for EUR_USD
2025-09-12 00:54:47,430 - trading_bot.src.decision.technical_decision_layer - INFO - 🎯 Starting technical decision making for EUR_USD...
2025-09-12 00:54:47,430 - trading_bot.src.decision.technical_decision_layer - INFO - ✅ Technical trade APPROVED for EUR_USD: Signal=TradeSignal.SELL, Confidence=0.80, Size=10.00
2025-09-12 00:54:47,430 - trading_bot.src.decision.technical_decision_layer - INFO - 📊 Technical Decision: EUR_USD - Signal: sell, Confidence: 0.80, Entry: 1.172515, SL: 1.17285357142857142620, TP: 1.172007142857142860700
2025-09-12 00:54:47,431 - trading_bot.src.decision.enhanced_excel_trade_recorder - INFO - Recorded complete trade decision for EUR_USD
2025-09-12 00:54:47,431 - trading_bot.src.core.fundamental_analyzer - INFO - No database available, using empty calendar cache
2025-09-12 00:54:47,431 - trading_bot.src.ai.technical_analysis_layer - INFO - 📈 Starting technical indicator calculation for 49 candles...
2025-09-12 00:54:47,431 - trading_bot.src.ai.technical_analysis_layer - INFO - 📊 Filtered 49 candles to 10 candles
2025-09-12 00:54:47,431 - trading_bot.src.ai.technical_analysis_layer - WARNING - ⚠️ After time filtering, insufficient candles: 10 < 20
2025-09-12 00:54:47,431 - trading_bot.src.ai.technical_analysis_layer - INFO - 📈 Starting technical indicator calculation for 49 candles...
2025-09-12 00:54:47,431 - trading_bot.src.ai.technical_analysis_layer - INFO - 📊 Filtered 49 candles to 49 candles
2025-09-12 00:54:47,431 - trading_bot.src.ai.technical_analysis_layer - INFO - 📈 Using 49 filtered candles for analysis
2025-09-12 00:54:47,442 - trading_bot.src.ai.technical_analysis_layer - INFO - 📈 Starting technical indicator calculation for 49 candles...
2025-09-12 00:54:47,442 - trading_bot.src.ai.technical_analysis_layer - INFO - 📊 Filtered 49 candles to 49 candles
2025-09-12 00:54:47,442 - trading_bot.src.ai.technical_analysis_layer - INFO - 📈 Using 49 filtered candles for analysis
2025-09-12 00:54:47,452 - trading_bot.src.core.market_regime_detector - INFO - 📊 Starting market regime detection for USD_JPY...
2025-09-12 00:54:47,453 - trading_bot.src.core.market_regime_detector - INFO - 📈 USD_JPY: Analyzing 49 candles
2025-09-12 00:54:47,453 - trading_bot.src.core.market_regime_detector - INFO - 📊 USD_JPY: Calculating trend strength...
2025-09-12 00:54:47,453 - trading_bot.src.core.market_regime_detector - INFO - 📊 USD_JPY: Trend strength: 0.002
2025-09-12 00:54:47,453 - trading_bot.src.core.market_regime_detector - INFO - 📊 USD_JPY: Calculating volatility level...
2025-09-12 00:54:47,453 - trading_bot.src.core.market_regime_detector - INFO - 📊 USD_JPY: Volatility level: 0.000
2025-09-12 00:54:47,453 - trading_bot.src.core.market_regime_detector - INFO - 📊 USD_JPY: Calculating momentum score...
2025-09-12 00:54:47,453 - trading_bot.src.core.market_regime_detector - INFO - 📊 USD_JPY: Momentum score: 0.667
2025-09-12 00:54:47,453 - trading_bot.src.core.market_regime_detector - INFO - 📊 USD_JPY: Calculating support/resistance levels...
2025-09-12 00:54:47,453 - trading_bot.src.core.market_regime_detector - INFO - 📊 USD_JPY: Support/Resistance - Support: 0.84227, Resistance: 0.84227
2025-09-12 00:54:47,453 - trading_bot.src.core.market_regime_detector - INFO - 🎯 USD_JPY: Determining market regime...
2025-09-12 00:54:47,453 - trading_bot.src.core.market_regime_detector - INFO - 🎯 USD_JPY: Detected regime: CONSOLIDATION
2025-09-12 00:54:47,453 - trading_bot.src.core.market_regime_detector - INFO - 📊 USD_JPY: Calculating confidence...
2025-09-12 00:54:47,453 - trading_bot.src.core.market_regime_detector - INFO - 📊 USD_JPY: Confidence: 0.686
2025-09-12 00:54:47,453 - trading_bot.src.core.market_regime_detector - INFO - 📊 USD_JPY: Strategy params: {'timeframes': ['M15', 'M30'], 'indicators': ['BollingerBands', 'RSI'], 'entry_method': 'range_break...
2025-09-12 00:54:47,453 - trading_bot.src.core.market_regime_detector - INFO - ✅ Market regime detection completed for USD_JPY
2025-09-12 00:54:47,453 - trading_bot.src.decision.technical_decision_layer - INFO - 🎯 Starting technical decision making for USD_JPY...
2025-09-12 00:54:47,454 - trading_bot.src.decision.technical_decision_layer - INFO - ✅ Technical trade APPROVED for USD_JPY: Signal=TradeSignal.BUY, Confidence=0.80, Size=10.00
2025-09-12 00:54:47,454 - trading_bot.src.decision.technical_decision_layer - INFO - 📊 Technical Decision: USD_JPY - Signal: buy, Confidence: 0.80, Entry: 147.5225, SL: 147.4729285714285661680, TP: 147.59685714285715074800
2025-09-12 00:54:47,454 - trading_bot.src.decision.enhanced_excel_trade_recorder - INFO - Recorded complete trade decision for USD_JPY
2025-09-12 00:54:47,454 - trading_bot.src.core.fundamental_analyzer - INFO - No database available, using empty calendar cache
2025-09-12 00:54:47,454 - trading_bot.src.ai.technical_analysis_layer - INFO - 📈 Starting technical indicator calculation for 49 candles...
2025-09-12 00:54:47,454 - trading_bot.src.ai.technical_analysis_layer - INFO - 📊 Filtered 49 candles to 10 candles
2025-09-12 00:54:47,454 - trading_bot.src.ai.technical_analysis_layer - WARNING - ⚠️ After time filtering, insufficient candles: 10 < 20
2025-09-12 00:54:47,454 - trading_bot.src.ai.technical_analysis_layer - INFO - 📈 Starting technical indicator calculation for 49 candles...
2025-09-12 00:54:47,454 - trading_bot.src.ai.technical_analysis_layer - INFO - 📊 Filtered 49 candles to 49 candles
2025-09-12 00:54:47,454 - trading_bot.src.ai.technical_analysis_layer - INFO - 📈 Using 49 filtered candles for analysis
2025-09-12 00:54:47,464 - trading_bot.src.ai.technical_analysis_layer - INFO - 📈 Starting technical indicator calculation for 49 candles...
2025-09-12 00:54:47,464 - trading_bot.src.ai.technical_analysis_layer - INFO - 📊 Filtered 49 candles to 49 candles
2025-09-12 00:54:47,464 - trading_bot.src.ai.technical_analysis_layer - INFO - 📈 Using 49 filtered candles for analysis
2025-09-12 00:54:47,473 - trading_bot.src.core.market_regime_detector - INFO - 📊 Starting market regime detection for GBP_JPY...
2025-09-12 00:54:47,473 - trading_bot.src.core.market_regime_detector - INFO - 📈 GBP_JPY: Analyzing 49 candles
2025-09-12 00:54:47,474 - trading_bot.src.core.market_regime_detector - INFO - 📊 GBP_JPY: Calculating trend strength...
2025-09-12 00:54:47,474 - trading_bot.src.core.market_regime_detector - INFO - 📊 GBP_JPY: Trend strength: 0.001
2025-09-12 00:54:47,474 - trading_bot.src.core.market_regime_detector - INFO - 📊 GBP_JPY: Calculating volatility level...
2025-09-12 00:54:47,474 - trading_bot.src.core.market_regime_detector - INFO - 📊 GBP_JPY: Volatility level: 0.000
2025-09-12 00:54:47,474 - trading_bot.src.core.market_regime_detector - INFO - 📊 GBP_JPY: Calculating momentum score...
2025-09-12 00:54:47,474 - trading_bot.src.core.market_regime_detector - INFO - 📊 GBP_JPY: Momentum score: 0.667
2025-09-12 00:54:47,474 - trading_bot.src.core.market_regime_detector - INFO - 📊 GBP_JPY: Calculating support/resistance levels...
2025-09-12 00:54:47,474 - trading_bot.src.core.market_regime_detector - INFO - 📊 GBP_JPY: Support/Resistance - Support: 0.78512, Resistance: 0.78512
2025-09-12 00:54:47,474 - trading_bot.src.core.market_regime_detector - INFO - 🎯 GBP_JPY: Determining market regime...
2025-09-12 00:54:47,474 - trading_bot.src.core.market_regime_detector - INFO - 🎯 GBP_JPY: Detected regime: CONSOLIDATION
2025-09-12 00:54:47,474 - trading_bot.src.core.market_regime_detector - INFO - 📊 GBP_JPY: Calculating confidence...
2025-09-12 00:54:47,474 - trading_bot.src.core.market_regime_detector - INFO - 📊 GBP_JPY: Confidence: 0.671
2025-09-12 00:54:47,474 - trading_bot.src.core.market_regime_detector - INFO - 📊 GBP_JPY: Strategy params: {'timeframes': ['M15', 'M30'], 'indicators': ['BollingerBands', 'RSI'], 'entry_method': 'range_break...
2025-09-12 00:54:47,474 - trading_bot.src.core.market_regime_detector - INFO - ✅ Market regime detection completed for GBP_JPY
2025-09-12 00:54:47,474 - trading_bot.src.decision.technical_decision_layer - INFO - 🎯 Starting technical decision making for GBP_JPY...
2025-09-12 00:54:47,474 - trading_bot.src.decision.technical_decision_layer - INFO - ✅ Technical trade APPROVED for GBP_JPY: Signal=TradeSignal.BUY, Confidence=0.80, Size=10.00
2025-09-12 00:54:47,474 - trading_bot.src.decision.technical_decision_layer - INFO - 📊 Technical Decision: GBP_JPY - Signal: buy, Confidence: 0.80, Entry: 199.959, SL: 199.8899999999999994120, TP: 200.06250000000000088200
2025-09-12 00:54:47,475 - trading_bot.src.decision.enhanced_excel_trade_recorder - INFO - Recorded complete trade decision for GBP_JPY
2025-09-12 00:54:47,475 - __main__ - INFO - Processing analysis for EUR_USD: <class 'dict'>
2025-09-12 00:54:47,475 - __main__ - INFO - Processing analysis for USD_JPY: <class 'dict'>
2025-09-12 00:54:47,475 - __main__ - INFO - Processing analysis for GBP_JPY: <class 'dict'>
2025-09-12 00:54:47,475 - trading_bot.src.notifications.notification_layer - INFO - 📢 Starting notification process: LOOP_REPORT
2025-09-12 00:54:47,475 - trading_bot.src.notifications.notification_layer - INFO - 📊 Notification data keys: ['message']
2025-09-12 00:54:47,475 - trading_bot.src.notifications.notification_layer - INFO - 📊 Sending loop report notification...
2025-09-12 00:54:47,475 - trading_bot.src.notifications.notification_layer - INFO - ✅ Loop report result: True
