2026-03-14 05:47:03,310 - debug_tracker - DEBUG - [/Users/ree/Documents/GitHub/notification bot/Automated_trading_bot/src/trading_bot/src/strategies/trend_momentum/ema_crossover.py:26] register: Entering function with args=(<class 'trading_bot.src.strategies.strategy_registry.StrategyRegistry'>, 'Fast_EMA_Cross_M5'), kwargs={}
2026-03-14 05:47:03,311 - debug_tracker - DEBUG - [/Users/ree/Documents/GitHub/notification bot/Automated_trading_bot/src/trading_bot/src/strategies/trend_momentum/ema_crossover.py:26] register: Memory - RSS: 68.09MB, VMS: 32940.05MB, Percent: 0.42%
2026-03-14 05:47:03,311 - debug_tracker - DEBUG - [/Users/ree/Documents/GitHub/notification bot/Automated_trading_bot/src/trading_bot/src/strategies/trend_momentum/ema_crossover.py:26] register: Performance - register_execution: 0.0000s
2026-03-14 05:47:03,311 - debug_tracker - DEBUG - [/Users/ree/Documents/GitHub/notification bot/Automated_trading_bot/src/trading_bot/src/strategies/trend_momentum/ema_crossover.py:26] register: Function completed successfully, result=<function StrategyRegistry.register.<locals>.wrapper at 0x1050a0e00>
2026-03-14 05:47:03,311 - debug_tracker - DEBUG - [/Users/ree/Documents/GitHub/notification bot/Automated_trading_bot/src/trading_bot/src/strategies/trend_momentum/ema_crossover.py:26] register: Memory - RSS: 68.10MB, VMS: 32940.05MB, Percent: 0.42%
2026-03-14 05:47:03,344 - debug_tracker - DEBUG - [/Users/ree/Documents/GitHub/notification bot/Automated_trading_bot/src/trading_bot/src/strategies/trend_momentum/ema_crossover.py:26] wrapper: Entering function with args=(<class 'trading_bot.src.strategies.trend_momentum.ema_crossover.EMACrossoverStrategy'>,), kwargs={}
2026-03-14 05:47:03,344 - debug_tracker - DEBUG - [/Users/ree/Documents/GitHub/notification bot/Automated_trading_bot/src/trading_bot/src/strategies/trend_momentum/ema_crossover.py:26] wrapper: Memory - RSS: 68.11MB, VMS: 32940.05MB, Percent: 0.42%
2026-03-14 05:47:03,345 - debug_tracker - DEBUG - [/Users/ree/Documents/GitHub/notification bot/Automated_trading_bot/src/trading_bot/src/strategies/trend_momentum/ema_crossover.py:26] wrapper: Performance - wrapper_execution: 0.0000s
2026-03-14 05:47:03,345 - debug_tracker - DEBUG - [/Users/ree/Documents/GitHub/notification bot/Automated_trading_bot/src/trading_bot/src/strategies/trend_momentum/ema_crossover.py:26] wrapper: Function completed successfully, result=<class 'trading_bot.src.strategies.trend_momentum.ema_crossover.EMACrossoverStrategy'>
2026-03-14 05:47:03,345 - debug_tracker - DEBUG - [/Users/ree/Documents/GitHub/notification bot/Automated_trading_bot/src/trading_bot/src/strategies/trend_momentum/ema_crossover.py:26] wrapper: Memory - RSS: 68.11MB, VMS: 32940.05MB, Percent: 0.42%
2026-03-14 05:47:03,380 - debug_tracker - DEBUG - [/Users/ree/Documents/GitHub/notification bot/Automated_trading_bot/src/trading_bot/src/strategies/trend_momentum/macd_momentum.py:25] register: Entering function with args=(<class 'trading_bot.src.strategies.strategy_registry.StrategyRegistry'>, 'MACD_Momentum_M5'), kwargs={}
2026-03-14 05:47:03,380 - debug_tracker - DEBUG - [/Users/ree/Documents/GitHub/notification bot/Automated_trading_bot/src/trading_bot/src/strategies/trend_momentum/macd_momentum.py:25] register: Memory - RSS: 68.12MB, VMS: 32940.05MB, Percent: 0.42%
2026-03-14 05:47:03,380 - debug_tracker - DEBUG - [/Users/ree/Documents/GitHub/notification bot/Automated_trading_bot/src/trading_bot/src/strategies/trend_momentum/macd_momentum.py:25] register: Performance - register_execution: 0.0000s
2026-03-14 05:47:03,380 - debug_tracker - DEBUG - [/Users/ree/Documents/GitHub/notification bot/Automated_trading_bot/src/trading_bot/src/strategies/trend_momentum/macd_momentum.py:25] register: Function completed successfully, result=<function StrategyRegistry.register.<locals>.wrapper at 0x1050a1a80>
2026-03-14 05:47:03,381 - debug_tracker - DEBUG - [/Users/ree/Documents/GitHub/notification bot/Automated_trading_bot/src/trading_bot/src/strategies/trend_momentum/macd_momentum.py:25] register: Memory - RSS: 68.13MB, VMS: 32940.05MB, Percent: 0.42%
2026-03-14 05:47:03,415 - debug_tracker - DEBUG - [/Users/ree/Documents/GitHub/notification bot/Automated_trading_bot/src/trading_bot/src/strategies/trend_momentum/macd_momentum.py:25] wrapper: Entering function with args=(<class 'trading_bot.src.strategies.trend_momentum.macd_momentum.MACDMomentumStrategy'>,), kwargs={}
2026-03-14 05:47:03,415 - debug_tracker - DEBUG - [/Users/ree/Documents/GitHub/notification bot/Automated_trading_bot/src/trading_bot/src/strategies/trend_momentum/macd_momentum.py:25] wrapper: Memory - RSS: 68.13MB, VMS: 32940.05MB, Percent: 0.42%
2026-03-14 05:47:03,415 - debug_tracker - DEBUG - [/Users/ree/Documents/GitHub/notification bot/Automated_trading_bot/src/trading_bot/src/strategies/trend_momentum/macd_momentum.py:25] wrapper: Performance - wrapper_execution: 0.0000s
2026-03-14 05:47:03,415 - debug_tracker - DEBUG - [/Users/ree/Documents/GitHub/notification bot/Automated_trading_bot/src/trading_bot/src/strategies/trend_momentum/macd_momentum.py:25] wrapper: Function completed successfully, result=<class 'trading_bot.src.strategies.trend_momentum.macd_momentum.MACDMomentumStrategy'>
2026-03-14 05:47:03,415 - debug_tracker - DEBUG - [/Users/ree/Documents/GitHub/notification bot/Automated_trading_bot/src/trading_bot/src/strategies/trend_momentum/macd_momentum.py:25] wrapper: Memory - RSS: 68.13MB, VMS: 32940.05MB, Percent: 0.42%
2026-03-14 05:47:03,449 - debug_tracker - DEBUG - [/Users/ree/Documents/GitHub/notification bot/Automated_trading_bot/src/trading_bot/src/strategies/trend_momentum/adx_trend.py:26] register: Entering function with args=(<class 'trading_bot.src.strategies.strategy_registry.StrategyRegistry'>, 'ADX_Trend_M5'), kwargs={}
2026-03-14 05:47:03,449 - debug_tracker - DEBUG - [/Users/ree/Documents/GitHub/notification bot/Automated_trading_bot/src/trading_bot/src/strategies/trend_momentum/adx_trend.py:26] register: Memory - RSS: 68.16MB, VMS: 32940.05MB, Percent: 0.42%
2026-03-14 05:47:03,449 - debug_tracker - DEBUG - [/Users/ree/Documents/GitHub/notification bot/Automated_trading_bot/src/trading_bot/src/strategies/trend_momentum/adx_trend.py:26] register: Performance - register_execution: 0.0000s
2026-03-14 05:47:03,449 - debug_tracker - DEBUG - [/Users/ree/Documents/GitHub/notification bot/Automated_trading_bot/src/trading_bot/src/strategies/trend_momentum/adx_trend.py:26] register: Function completed successfully, result=<function StrategyRegistry.register.<locals>.wrapper at 0x1050a2520>
2026-03-14 05:47:03,449 - debug_tracker - DEBUG - [/Users/ree/Documents/GitHub/notification bot/Automated_trading_bot/src/trading_bot/src/strategies/trend_momentum/adx_trend.py:26] register: Memory - RSS: 68.16MB, VMS: 32940.05MB, Percent: 0.42%
2026-03-14 05:47:03,482 - debug_tracker - DEBUG - [/Users/ree/Documents/GitHub/notification bot/Automated_trading_bot/src/trading_bot/src/strategies/trend_momentum/adx_trend.py:26] wrapper: Entering function with args=(<class 'trading_bot.src.strategies.trend_momentum.adx_trend.ADXTrendStrategy'>,), kwargs={}
2026-03-14 05:47:03,482 - debug_tracker - DEBUG - [/Users/ree/Documents/GitHub/notification bot/Automated_trading_bot/src/trading_bot/src/strategies/trend_momentum/adx_trend.py:26] wrapper: Memory - RSS: 68.17MB, VMS: 32940.05MB, Percent: 0.42%
2026-03-14 05:47:03,482 - debug_tracker - DEBUG - [/Users/ree/Documents/GitHub/notification bot/Automated_trading_bot/src/trading_bot/src/strategies/trend_momentum/adx_trend.py:26] wrapper: Performance - wrapper_execution: 0.0000s
2026-03-14 05:47:03,482 - debug_tracker - DEBUG - [/Users/ree/Documents/GitHub/notification bot/Automated_trading_bot/src/trading_bot/src/strategies/trend_momentum/adx_trend.py:26] wrapper: Function completed successfully, result=<class 'trading_bot.src.strategies.trend_momentum.adx_trend.ADXTrendStrategy'>
2026-03-14 05:47:03,483 - debug_tracker - DEBUG - [/Users/ree/Documents/GitHub/notification bot/Automated_trading_bot/src/trading_bot/src/strategies/trend_momentum/adx_trend.py:26] wrapper: Memory - RSS: 68.17MB, VMS: 32940.05MB, Percent: 0.42%
2026-03-14 05:47:03,514 - debug_tracker - DEBUG - [/Users/ree/Documents/GitHub/notification bot/Automated_trading_bot/src/trading_bot/src/strategies/trend_momentum/fast_ichimoku.py:26] register: Entering function with args=(<class 'trading_bot.src.strategies.strategy_registry.StrategyRegistry'>, 'Fast_Ichimoku'), kwargs={}
2026-03-14 05:47:03,515 - debug_tracker - DEBUG - [/Users/ree/Documents/GitHub/notification bot/Automated_trading_bot/src/trading_bot/src/strategies/trend_momentum/fast_ichimoku.py:26] register: Memory - RSS: 68.19MB, VMS: 32940.05MB, Percent: 0.42%
2026-03-14 05:47:03,515 - debug_tracker - DEBUG - [/Users/ree/Documents/GitHub/notification bot/Automated_trading_bot/src/trading_bot/src/strategies/trend_momentum/fast_ichimoku.py:26] register: Performance - register_execution: 0.0000s
2026-03-14 05:47:03,515 - debug_tracker - DEBUG - [/Users/ree/Documents/GitHub/notification bot/Automated_trading_bot/src/trading_bot/src/strategies/trend_momentum/fast_ichimoku.py:26] register: Function completed successfully, result=<function StrategyRegistry.register.<locals>.wrapper at 0x1050a2d40>
2026-03-14 05:47:03,515 - debug_tracker - DEBUG - [/Users/ree/Documents/GitHub/notification bot/Automated_trading_bot/src/trading_bot/src/strategies/trend_momentum/fast_ichimoku.py:26] register: Memory - RSS: 68.19MB, VMS: 32940.05MB, Percent: 0.42%
2026-03-14 05:47:03,545 - debug_tracker - DEBUG - [/Users/ree/Documents/GitHub/notification bot/Automated_trading_bot/src/trading_bot/src/strategies/trend_momentum/fast_ichimoku.py:26] wrapper: Entering function with args=(<class 'trading_bot.src.strategies.trend_momentum.fast_ichimoku.FastIchimokuStrategy'>,), kwargs={}
2026-03-14 05:47:03,546 - debug_tracker - DEBUG - [/Users/ree/Documents/GitHub/notification bot/Automated_trading_bot/src/trading_bot/src/strategies/trend_momentum/fast_ichimoku.py:26] wrapper: Memory - RSS: 68.20MB, VMS: 32940.05MB, Percent: 0.42%
2026-03-14 05:47:03,546 - debug_tracker - DEBUG - [/Users/ree/Documents/GitHub/notification bot/Automated_trading_bot/src/trading_bot/src/strategies/trend_momentum/fast_ichimoku.py:26] wrapper: Performance - wrapper_execution: 0.0000s
2026-03-14 05:47:03,546 - debug_tracker - DEBUG - [/Users/ree/Documents/GitHub/notification bot/Automated_trading_bot/src/trading_bot/src/strategies/trend_momentum/fast_ichimoku.py:26] wrapper: Function completed successfully, result=<class 'trading_bot.src.strategies.trend_momentum.fast_ichimoku.FastIchimokuStrategy'>
2026-03-14 05:47:03,546 - debug_tracker - DEBUG - [/Users/ree/Documents/GitHub/notification bot/Automated_trading_bot/src/trading_bot/src/strategies/trend_momentum/fast_ichimoku.py:26] wrapper: Memory - RSS: 68.20MB, VMS: 32940.05MB, Percent: 0.42%
2026-03-14 05:47:03,586 - debug_tracker - DEBUG - [/Users/ree/Documents/GitHub/notification bot/Automated_trading_bot/src/trading_bot/src/strategies/mean_reversion/bollinger_bounce.py:25] register: Entering function with args=(<class 'trading_bot.src.strategies.strategy_registry.StrategyRegistry'>, 'BB_Bounce_M5'), kwargs={}
2026-03-14 05:47:03,587 - debug_tracker - DEBUG - [/Users/ree/Documents/GitHub/notification bot/Automated_trading_bot/src/trading_bot/src/strategies/mean_reversion/bollinger_bounce.py:25] register: Memory - RSS: 68.22MB, VMS: 32940.05MB, Percent: 0.42%
2026-03-14 05:47:03,587 - debug_tracker - DEBUG - [/Users/ree/Documents/GitHub/notification bot/Automated_trading_bot/src/trading_bot/src/strategies/mean_reversion/bollinger_bounce.py:25] register: Performance - register_execution: 0.0000s
2026-03-14 05:47:03,587 - debug_tracker - DEBUG - [/Users/ree/Documents/GitHub/notification bot/Automated_trading_bot/src/trading_bot/src/strategies/mean_reversion/bollinger_bounce.py:25] register: Function completed successfully, result=<function StrategyRegistry.register.<locals>.wrapper at 0x1050a39c0>
2026-03-14 05:47:03,587 - debug_tracker - DEBUG - [/Users/ree/Documents/GitHub/notification bot/Automated_trading_bot/src/trading_bot/src/strategies/mean_reversion/bollinger_bounce.py:25] register: Memory - RSS: 68.22MB, VMS: 32940.05MB, Percent: 0.42%
2026-03-14 05:47:03,624 - debug_tracker - DEBUG - [/Users/ree/Documents/GitHub/notification bot/Automated_trading_bot/src/trading_bot/src/strategies/mean_reversion/bollinger_bounce.py:25] wrapper: Entering function with args=(<class 'trading_bot.src.strategies.mean_reversion.bollinger_bounce.BollingerBounceStrategy'>,), kwargs={}
2026-03-14 05:47:03,624 - debug_tracker - DEBUG - [/Users/ree/Documents/GitHub/notification bot/Automated_trading_bot/src/trading_bot/src/strategies/mean_reversion/bollinger_bounce.py:25] wrapper: Memory - RSS: 68.26MB, VMS: 32940.05MB, Percent: 0.42%
2026-03-14 05:47:03,624 - debug_tracker - DEBUG - [/Users/ree/Documents/GitHub/notification bot/Automated_trading_bot/src/trading_bot/src/strategies/mean_reversion/bollinger_bounce.py:25] wrapper: Performance - wrapper_execution: 0.0000s
2026-03-14 05:47:03,624 - debug_tracker - DEBUG - [/Users/ree/Documents/GitHub/notification bot/Automated_trading_bot/src/trading_bot/src/strategies/mean_reversion/bollinger_bounce.py:25] wrapper: Function completed successfully, result=<class 'trading_bot.src.strategies.mean_reversion.bollinger_bounce.BollingerBounceStrategy'>
2026-03-14 05:47:03,625 - debug_tracker - DEBUG - [/Users/ree/Documents/GitHub/notification bot/Automated_trading_bot/src/trading_bot/src/strategies/mean_reversion/bollinger_bounce.py:25] wrapper: Memory - RSS: 68.26MB, VMS: 32940.05MB, Percent: 0.42%
2026-03-14 05:47:03,661 - debug_tracker - DEBUG - [/Users/ree/Documents/GitHub/notification bot/Automated_trading_bot/src/trading_bot/src/strategies/mean_reversion/rsi_extremes.py:25] register: Entering function with args=(<class 'trading_bot.src.strategies.strategy_registry.StrategyRegistry'>, 'RSI_Extremes'), kwargs={}
2026-03-14 05:47:03,661 - debug_tracker - DEBUG - [/Users/ree/Documents/GitHub/notification bot/Automated_trading_bot/src/trading_bot/src/strategies/mean_reversion/rsi_extremes.py:25] register: Memory - RSS: 68.31MB, VMS: 32940.05MB, Percent: 0.42%
2026-03-14 05:47:03,661 - debug_tracker - DEBUG - [/Users/ree/Documents/GitHub/notification bot/Automated_trading_bot/src/trading_bot/src/strategies/mean_reversion/rsi_extremes.py:25] register: Performance - register_execution: 0.0000s
2026-03-14 05:47:03,661 - debug_tracker - DEBUG - [/Users/ree/Documents/GitHub/notification bot/Automated_trading_bot/src/trading_bot/src/strategies/mean_reversion/rsi_extremes.py:25] register: Function completed successfully, result=<function StrategyRegistry.register.<locals>.wrapper at 0x1050d0360>
2026-03-14 05:47:03,661 - debug_tracker - DEBUG - [/Users/ree/Documents/GitHub/notification bot/Automated_trading_bot/src/trading_bot/src/strategies/mean_reversion/rsi_extremes.py:25] register: Memory - RSS: 68.31MB, VMS: 32940.05MB, Percent: 0.42%
2026-03-14 05:47:03,694 - debug_tracker - DEBUG - [/Users/ree/Documents/GitHub/notification bot/Automated_trading_bot/src/trading_bot/src/strategies/mean_reversion/rsi_extremes.py:25] wrapper: Entering function with args=(<class 'trading_bot.src.strategies.mean_reversion.rsi_extremes.RSIExtremesStrategy'>,), kwargs={}
2026-03-14 05:47:03,694 - debug_tracker - DEBUG - [/Users/ree/Documents/GitHub/notification bot/Automated_trading_bot/src/trading_bot/src/strategies/mean_reversion/rsi_extremes.py:25] wrapper: Memory - RSS: 68.31MB, VMS: 32940.05MB, Percent: 0.42%
2026-03-14 05:47:03,694 - debug_tracker - DEBUG - [/Users/ree/Documents/GitHub/notification bot/Automated_trading_bot/src/trading_bot/src/strategies/mean_reversion/rsi_extremes.py:25] wrapper: Performance - wrapper_execution: 0.0000s
2026-03-14 05:47:03,694 - debug_tracker - DEBUG - [/Users/ree/Documents/GitHub/notification bot/Automated_trading_bot/src/trading_bot/src/strategies/mean_reversion/rsi_extremes.py:25] wrapper: Function completed successfully, result=<class 'trading_bot.src.strategies.mean_reversion.rsi_extremes.RSIExtremesStrategy'>
2026-03-14 05:47:03,695 - debug_tracker - DEBUG - [/Users/ree/Documents/GitHub/notification bot/Automated_trading_bot/src/trading_bot/src/strategies/mean_reversion/rsi_extremes.py:25] wrapper: Memory - RSS: 68.31MB, VMS: 32940.05MB, Percent: 0.42%
2026-03-14 05:47:03,731 - debug_tracker - DEBUG - [/Users/ree/Documents/GitHub/notification bot/Automated_trading_bot/src/trading_bot/src/strategies/breakout/atr_breakout.py:26] register: Entering function with args=(<class 'trading_bot.src.strategies.strategy_registry.StrategyRegistry'>, 'ATR_Breakout'), kwargs={}
2026-03-14 05:47:03,732 - debug_tracker - DEBUG - [/Users/ree/Documents/GitHub/notification bot/Automated_trading_bot/src/trading_bot/src/strategies/breakout/atr_breakout.py:26] register: Memory - RSS: 68.34MB, VMS: 32940.05MB, Percent: 0.42%
2026-03-14 05:47:03,732 - debug_tracker - DEBUG - [/Users/ree/Documents/GitHub/notification bot/Automated_trading_bot/src/trading_bot/src/strategies/breakout/atr_breakout.py:26] register: Performance - register_execution: 0.0000s
2026-03-14 05:47:03,732 - debug_tracker - DEBUG - [/Users/ree/Documents/GitHub/notification bot/Automated_trading_bot/src/trading_bot/src/strategies/breakout/atr_breakout.py:26] register: Function completed successfully, result=<function StrategyRegistry.register.<locals>.wrapper at 0x1050d0ea0>
2026-03-14 05:47:03,732 - debug_tracker - DEBUG - [/Users/ree/Documents/GitHub/notification bot/Automated_trading_bot/src/trading_bot/src/strategies/breakout/atr_breakout.py:26] register: Memory - RSS: 68.34MB, VMS: 32940.05MB, Percent: 0.42%
2026-03-14 05:47:03,768 - debug_tracker - DEBUG - [/Users/ree/Documents/GitHub/notification bot/Automated_trading_bot/src/trading_bot/src/strategies/breakout/atr_breakout.py:26] wrapper: Entering function with args=(<class 'trading_bot.src.strategies.breakout.atr_breakout.ATRBreakoutStrategy'>,), kwargs={}
2026-03-14 05:47:03,768 - debug_tracker - DEBUG - [/Users/ree/Documents/GitHub/notification bot/Automated_trading_bot/src/trading_bot/src/strategies/breakout/atr_breakout.py:26] wrapper: Memory - RSS: 68.35MB, VMS: 32940.05MB, Percent: 0.42%
2026-03-14 05:47:03,769 - debug_tracker - DEBUG - [/Users/ree/Documents/GitHub/notification bot/Automated_trading_bot/src/trading_bot/src/strategies/breakout/atr_breakout.py:26] wrapper: Performance - wrapper_execution: 0.0000s
2026-03-14 05:47:03,769 - debug_tracker - DEBUG - [/Users/ree/Documents/GitHub/notification bot/Automated_trading_bot/src/trading_bot/src/strategies/breakout/atr_breakout.py:26] wrapper: Function completed successfully, result=<class 'trading_bot.src.strategies.breakout.atr_breakout.ATRBreakoutStrategy'>
2026-03-14 05:47:03,769 - debug_tracker - DEBUG - [/Users/ree/Documents/GitHub/notification bot/Automated_trading_bot/src/trading_bot/src/strategies/breakout/atr_breakout.py:26] wrapper: Memory - RSS: 68.35MB, VMS: 32940.05MB, Percent: 0.42%
2026-03-14 05:47:03,803 - debug_tracker - DEBUG - [/Users/ree/Documents/GitHub/notification bot/Automated_trading_bot/src/trading_bot/src/strategies/breakout/support_resistance.py:26] register: Entering function with args=(<class 'trading_bot.src.strategies.strategy_registry.StrategyRegistry'>, 'Support_Resistance_Break'), kwargs={}
2026-03-14 05:47:03,804 - debug_tracker - DEBUG - [/Users/ree/Documents/GitHub/notification bot/Automated_trading_bot/src/trading_bot/src/strategies/breakout/support_resistance.py:26] register: Memory - RSS: 68.38MB, VMS: 32940.05MB, Percent: 0.42%
2026-03-14 05:47:03,804 - debug_tracker - DEBUG - [/Users/ree/Documents/GitHub/notification bot/Automated_trading_bot/src/trading_bot/src/strategies/breakout/support_resistance.py:26] register: Performance - register_execution: 0.0000s
2026-03-14 05:47:03,804 - debug_tracker - DEBUG - [/Users/ree/Documents/GitHub/notification bot/Automated_trading_bot/src/trading_bot/src/strategies/breakout/support_resistance.py:26] register: Function completed successfully, result=<function StrategyRegistry.register.<locals>.wrapper at 0x1050d1580>
2026-03-14 05:47:03,804 - debug_tracker - DEBUG - [/Users/ree/Documents/GitHub/notification bot/Automated_trading_bot/src/trading_bot/src/strategies/breakout/support_resistance.py:26] register: Memory - RSS: 68.38MB, VMS: 32940.05MB, Percent: 0.42%
2026-03-14 05:47:03,838 - debug_tracker - DEBUG - [/Users/ree/Documents/GitHub/notification bot/Automated_trading_bot/src/trading_bot/src/strategies/breakout/support_resistance.py:26] wrapper: Entering function with args=(<class 'trading_bot.src.strategies.breakout.support_resistance.SupportResistanceBreakStrategy'>,), kwargs={}
2026-03-14 05:47:03,839 - debug_tracker - DEBUG - [/Users/ree/Documents/GitHub/notification bot/Automated_trading_bot/src/trading_bot/src/strategies/breakout/support_resistance.py:26] wrapper: Memory - RSS: 68.38MB, VMS: 32940.05MB, Percent: 0.42%
2026-03-14 05:47:03,839 - debug_tracker - DEBUG - [/Users/ree/Documents/GitHub/notification bot/Automated_trading_bot/src/trading_bot/src/strategies/breakout/support_resistance.py:26] wrapper: Performance - wrapper_execution: 0.0000s
2026-03-14 05:47:03,839 - debug_tracker - DEBUG - [/Users/ree/Documents/GitHub/notification bot/Automated_trading_bot/src/trading_bot/src/strategies/breakout/support_resistance.py:26] wrapper: Function completed successfully, result=<class 'trading_bot.src.strategies.breakout.support_resistance.SupportResistanceBreakStrategy'>
2026-03-14 05:47:03,839 - debug_tracker - DEBUG - [/Users/ree/Documents/GitHub/notification bot/Automated_trading_bot/src/trading_bot/src/strategies/breakout/support_resistance.py:26] wrapper: Memory - RSS: 68.38MB, VMS: 32940.05MB, Percent: 0.42%
2026-03-14 05:47:03,871 - debug_tracker - DEBUG - [/Users/ree/Documents/GitHub/notification bot/Automated_trading_bot/src/trading_bot/src/strategies/breakout/donchian_break.py:25] register: Entering function with args=(<class 'trading_bot.src.strategies.strategy_registry.StrategyRegistry'>, 'Donchian_Break'), kwargs={}
2026-03-14 05:47:03,871 - debug_tracker - DEBUG - [/Users/ree/Documents/GitHub/notification bot/Automated_trading_bot/src/trading_bot/src/strategies/breakout/donchian_break.py:25] register: Memory - RSS: 68.40MB, VMS: 32940.05MB, Percent: 0.42%
2026-03-14 05:47:03,871 - debug_tracker - DEBUG - [/Users/ree/Documents/GitHub/notification bot/Automated_trading_bot/src/trading_bot/src/strategies/breakout/donchian_break.py:25] register: Performance - register_execution: 0.0000s
2026-03-14 05:47:03,872 - debug_tracker - DEBUG - [/Users/ree/Documents/GitHub/notification bot/Automated_trading_bot/src/trading_bot/src/strategies/breakout/donchian_break.py:25] register: Function completed successfully, result=<function StrategyRegistry.register.<locals>.wrapper at 0x1050d1d00>
2026-03-14 05:47:03,872 - debug_tracker - DEBUG - [/Users/ree/Documents/GitHub/notification bot/Automated_trading_bot/src/trading_bot/src/strategies/breakout/donchian_break.py:25] register: Memory - RSS: 68.40MB, VMS: 32940.05MB, Percent: 0.42%
2026-03-14 05:47:03,904 - debug_tracker - DEBUG - [/Users/ree/Documents/GitHub/notification bot/Automated_trading_bot/src/trading_bot/src/strategies/breakout/donchian_break.py:25] wrapper: Entering function with args=(<class 'trading_bot.src.strategies.breakout.donchian_break.DonchianBreakStrategy'>,), kwargs={}
2026-03-14 05:47:03,904 - debug_tracker - DEBUG - [/Users/ree/Documents/GitHub/notification bot/Automated_trading_bot/src/trading_bot/src/strategies/breakout/donchian_break.py:25] wrapper: Memory - RSS: 68.41MB, VMS: 32940.05MB, Percent: 0.42%
2026-03-14 05:47:03,904 - debug_tracker - DEBUG - [/Users/ree/Documents/GitHub/notification bot/Automated_trading_bot/src/trading_bot/src/strategies/breakout/donchian_break.py:25] wrapper: Performance - wrapper_execution: 0.0000s
2026-03-14 05:47:03,904 - debug_tracker - DEBUG - [/Users/ree/Documents/GitHub/notification bot/Automated_trading_bot/src/trading_bot/src/strategies/breakout/donchian_break.py:25] wrapper: Function completed successfully, result=<class 'trading_bot.src.strategies.breakout.donchian_break.DonchianBreakStrategy'>
2026-03-14 05:47:03,904 - debug_tracker - DEBUG - [/Users/ree/Documents/GitHub/notification bot/Automated_trading_bot/src/trading_bot/src/strategies/breakout/donchian_break.py:25] wrapper: Memory - RSS: 68.41MB, VMS: 32940.05MB, Percent: 0.42%
2026-03-14 05:47:03,939 - debug_tracker - DEBUG - [/Users/ree/Documents/GitHub/notification bot/Automated_trading_bot/src/trading_bot/src/strategies/scalping/price_action_scalp.py:25] register: Entering function with args=(<class 'trading_bot.src.strategies.strategy_registry.StrategyRegistry'>, 'Price_Action_Scalp'), kwargs={}
2026-03-14 05:47:03,939 - debug_tracker - DEBUG - [/Users/ree/Documents/GitHub/notification bot/Automated_trading_bot/src/trading_bot/src/strategies/scalping/price_action_scalp.py:25] register: Memory - RSS: 68.43MB, VMS: 32940.05MB, Percent: 0.42%
2026-03-14 05:47:03,939 - debug_tracker - DEBUG - [/Users/ree/Documents/GitHub/notification bot/Automated_trading_bot/src/trading_bot/src/strategies/scalping/price_action_scalp.py:25] register: Performance - register_execution: 0.0000s
2026-03-14 05:47:03,939 - debug_tracker - DEBUG - [/Users/ree/Documents/GitHub/notification bot/Automated_trading_bot/src/trading_bot/src/strategies/scalping/price_action_scalp.py:25] register: Function completed successfully, result=<function StrategyRegistry.register.<locals>.wrapper at 0x1050a2520>
2026-03-14 05:47:03,939 - debug_tracker - DEBUG - [/Users/ree/Documents/GitHub/notification bot/Automated_trading_bot/src/trading_bot/src/strategies/scalping/price_action_scalp.py:25] register: Memory - RSS: 68.43MB, VMS: 32940.05MB, Percent: 0.42%
2026-03-14 05:47:03,977 - debug_tracker - DEBUG - [/Users/ree/Documents/GitHub/notification bot/Automated_trading_bot/src/trading_bot/src/strategies/scalping/price_action_scalp.py:25] wrapper: Entering function with args=(<class 'trading_bot.src.strategies.scalping.price_action_scalp.PriceActionScalpStrategy'>,), kwargs={}
2026-03-14 05:47:03,978 - debug_tracker - DEBUG - [/Users/ree/Documents/GitHub/notification bot/Automated_trading_bot/src/trading_bot/src/strategies/scalping/price_action_scalp.py:25] wrapper: Memory - RSS: 68.43MB, VMS: 32940.05MB, Percent: 0.42%
2026-03-14 05:47:03,978 - debug_tracker - DEBUG - [/Users/ree/Documents/GitHub/notification bot/Automated_trading_bot/src/trading_bot/src/strategies/scalping/price_action_scalp.py:25] wrapper: Performance - wrapper_execution: 0.0000s
2026-03-14 05:47:03,978 - debug_tracker - DEBUG - [/Users/ree/Documents/GitHub/notification bot/Automated_trading_bot/src/trading_bot/src/strategies/scalping/price_action_scalp.py:25] wrapper: Function completed successfully, result=<class 'trading_bot.src.strategies.scalping.price_action_scalp.PriceActionScalpStrategy'>
2026-03-14 05:47:03,978 - debug_tracker - DEBUG - [/Users/ree/Documents/GitHub/notification bot/Automated_trading_bot/src/trading_bot/src/strategies/scalping/price_action_scalp.py:25] wrapper: Memory - RSS: 68.43MB, VMS: 32940.05MB, Percent: 0.42%
2026-03-14 05:47:04,008 - debug_tracker - DEBUG - [/Users/ree/Documents/GitHub/notification bot/Automated_trading_bot/src/trading_bot/src/strategies/scalping/spread_squeeze.py:25] register: Entering function with args=(<class 'trading_bot.src.strategies.strategy_registry.StrategyRegistry'>, 'Spread_Squeeze'), kwargs={}
2026-03-14 05:47:04,009 - debug_tracker - DEBUG - [/Users/ree/Documents/GitHub/notification bot/Automated_trading_bot/src/trading_bot/src/strategies/scalping/spread_squeeze.py:25] register: Memory - RSS: 68.45MB, VMS: 32940.05MB, Percent: 0.42%
2026-03-14 05:47:04,009 - debug_tracker - DEBUG - [/Users/ree/Documents/GitHub/notification bot/Automated_trading_bot/src/trading_bot/src/strategies/scalping/spread_squeeze.py:25] register: Performance - register_execution: 0.0000s
2026-03-14 05:47:04,009 - debug_tracker - DEBUG - [/Users/ree/Documents/GitHub/notification bot/Automated_trading_bot/src/trading_bot/src/strategies/scalping/spread_squeeze.py:25] register: Function completed successfully, result=<function StrategyRegistry.register.<locals>.wrapper at 0x1050d13a0>
2026-03-14 05:47:04,009 - debug_tracker - DEBUG - [/Users/ree/Documents/GitHub/notification bot/Automated_trading_bot/src/trading_bot/src/strategies/scalping/spread_squeeze.py:25] register: Memory - RSS: 68.45MB, VMS: 32940.05MB, Percent: 0.42%
2026-03-14 05:47:04,039 - debug_tracker - DEBUG - [/Users/ree/Documents/GitHub/notification bot/Automated_trading_bot/src/trading_bot/src/strategies/scalping/spread_squeeze.py:25] wrapper: Entering function with args=(<class 'trading_bot.src.strategies.scalping.spread_squeeze.SpreadSqueezeStrategy'>,), kwargs={}
2026-03-14 05:47:04,039 - debug_tracker - DEBUG - [/Users/ree/Documents/GitHub/notification bot/Automated_trading_bot/src/trading_bot/src/strategies/scalping/spread_squeeze.py:25] wrapper: Memory - RSS: 68.46MB, VMS: 32940.05MB, Percent: 0.42%
2026-03-14 05:47:04,039 - debug_tracker - DEBUG - [/Users/ree/Documents/GitHub/notification bot/Automated_trading_bot/src/trading_bot/src/strategies/scalping/spread_squeeze.py:25] wrapper: Performance - wrapper_execution: 0.0000s
2026-03-14 05:47:04,039 - debug_tracker - DEBUG - [/Users/ree/Documents/GitHub/notification bot/Automated_trading_bot/src/trading_bot/src/strategies/scalping/spread_squeeze.py:25] wrapper: Function completed successfully, result=<class 'trading_bot.src.strategies.scalping.spread_squeeze.SpreadSqueezeStrategy'>
2026-03-14 05:47:04,040 - debug_tracker - DEBUG - [/Users/ree/Documents/GitHub/notification bot/Automated_trading_bot/src/trading_bot/src/strategies/scalping/spread_squeeze.py:25] wrapper: Memory - RSS: 68.46MB, VMS: 32940.05MB, Percent: 0.42%
2026-03-14 05:47:04,069 - debug_tracker - DEBUG - [/Users/ree/Documents/GitHub/notification bot/Automated_trading_bot/src/trading_bot/src/strategies/scalping/order_flow_momentum.py:25] register: Entering function with args=(<class 'trading_bot.src.strategies.strategy_registry.StrategyRegistry'>, 'Order_Flow_Momentum'), kwargs={}
2026-03-14 05:47:04,069 - debug_tracker - DEBUG - [/Users/ree/Documents/GitHub/notification bot/Automated_trading_bot/src/trading_bot/src/strategies/scalping/order_flow_momentum.py:25] register: Memory - RSS: 68.48MB, VMS: 32940.05MB, Percent: 0.42%
2026-03-14 05:47:04,070 - debug_tracker - DEBUG - [/Users/ree/Documents/GitHub/notification bot/Automated_trading_bot/src/trading_bot/src/strategies/scalping/order_flow_momentum.py:25] register: Performance - register_execution: 0.0000s
2026-03-14 05:47:04,070 - debug_tracker - DEBUG - [/Users/ree/Documents/GitHub/notification bot/Automated_trading_bot/src/trading_bot/src/strategies/scalping/order_flow_momentum.py:25] register: Function completed successfully, result=<function StrategyRegistry.register.<locals>.wrapper at 0x1050d20c0>
2026-03-14 05:47:04,070 - debug_tracker - DEBUG - [/Users/ree/Documents/GitHub/notification bot/Automated_trading_bot/src/trading_bot/src/strategies/scalping/order_flow_momentum.py:25] register: Memory - RSS: 68.48MB, VMS: 32940.05MB, Percent: 0.42%
2026-03-14 05:47:04,101 - debug_tracker - DEBUG - [/Users/ree/Documents/GitHub/notification bot/Automated_trading_bot/src/trading_bot/src/strategies/scalping/order_flow_momentum.py:25] wrapper: Entering function with args=(<class 'trading_bot.src.strategies.scalping.order_flow_momentum.OrderFlowMomentumStrategy'>,), kwargs={}
2026-03-14 05:47:04,102 - debug_tracker - DEBUG - [/Users/ree/Documents/GitHub/notification bot/Automated_trading_bot/src/trading_bot/src/strategies/scalping/order_flow_momentum.py:25] wrapper: Memory - RSS: 68.48MB, VMS: 32940.05MB, Percent: 0.42%
2026-03-14 05:47:04,102 - debug_tracker - DEBUG - [/Users/ree/Documents/GitHub/notification bot/Automated_trading_bot/src/trading_bot/src/strategies/scalping/order_flow_momentum.py:25] wrapper: Performance - wrapper_execution: 0.0000s
2026-03-14 05:47:04,102 - debug_tracker - DEBUG - [/Users/ree/Documents/GitHub/notification bot/Automated_trading_bot/src/trading_bot/src/strategies/scalping/order_flow_momentum.py:25] wrapper: Function completed successfully, result=<class 'trading_bot.src.strategies.scalping.order_flow_momentum.OrderFlowMomentumStrategy'>
2026-03-14 05:47:04,102 - debug_tracker - DEBUG - [/Users/ree/Documents/GitHub/notification bot/Automated_trading_bot/src/trading_bot/src/strategies/scalping/order_flow_momentum.py:25] wrapper: Memory - RSS: 68.48MB, VMS: 32940.05MB, Percent: 0.42%
2026-03-14 05:47:04,138 - debug_tracker - DEBUG - [/Users/ree/Documents/GitHub/notification bot/Automated_trading_bot/src/trading_bot/src/strategies/session_based/london_open_break.py:25] register: Entering function with args=(<class 'trading_bot.src.strategies.strategy_registry.StrategyRegistry'>, 'London_Open_Break'), kwargs={}
2026-03-14 05:47:04,139 - debug_tracker - DEBUG - [/Users/ree/Documents/GitHub/notification bot/Automated_trading_bot/src/trading_bot/src/strategies/session_based/london_open_break.py:25] register: Memory - RSS: 68.52MB, VMS: 32940.05MB, Percent: 0.42%
2026-03-14 05:47:04,139 - debug_tracker - DEBUG - [/Users/ree/Documents/GitHub/notification bot/Automated_trading_bot/src/trading_bot/src/strategies/session_based/london_open_break.py:25] register: Performance - register_execution: 0.0000s
2026-03-14 05:47:04,139 - debug_tracker - DEBUG - [/Users/ree/Documents/GitHub/notification bot/Automated_trading_bot/src/trading_bot/src/strategies/session_based/london_open_break.py:25] register: Function completed successfully, result=<function StrategyRegistry.register.<locals>.wrapper at 0x1050d2e80>
2026-03-14 05:47:04,139 - debug_tracker - DEBUG - [/Users/ree/Documents/GitHub/notification bot/Automated_trading_bot/src/trading_bot/src/strategies/session_based/london_open_break.py:25] register: Memory - RSS: 68.52MB, VMS: 32940.05MB, Percent: 0.42%
2026-03-14 05:47:04,173 - debug_tracker - DEBUG - [/Users/ree/Documents/GitHub/notification bot/Automated_trading_bot/src/trading_bot/src/strategies/session_based/london_open_break.py:25] wrapper: Entering function with args=(<class 'trading_bot.src.strategies.session_based.london_open_break.LondonOpenBreakStrategy'>,), kwargs={}
2026-03-14 05:47:04,173 - debug_tracker - DEBUG - [/Users/ree/Documents/GitHub/notification bot/Automated_trading_bot/src/trading_bot/src/strategies/session_based/london_open_break.py:25] wrapper: Memory - RSS: 68.53MB, VMS: 32940.05MB, Percent: 0.42%
2026-03-14 05:47:04,173 - debug_tracker - DEBUG - [/Users/ree/Documents/GitHub/notification bot/Automated_trading_bot/src/trading_bot/src/strategies/session_based/london_open_break.py:25] wrapper: Performance - wrapper_execution: 0.0000s
2026-03-14 05:47:04,173 - debug_tracker - DEBUG - [/Users/ree/Documents/GitHub/notification bot/Automated_trading_bot/src/trading_bot/src/strategies/session_based/london_open_break.py:25] wrapper: Function completed successfully, result=<class 'trading_bot.src.strategies.session_based.london_open_break.LondonOpenBreakStrategy'>
2026-03-14 05:47:04,174 - debug_tracker - DEBUG - [/Users/ree/Documents/GitHub/notification bot/Automated_trading_bot/src/trading_bot/src/strategies/session_based/london_open_break.py:25] wrapper: Memory - RSS: 68.53MB, VMS: 32940.05MB, Percent: 0.42%
2026-03-14 05:47:04,212 - debug_tracker - DEBUG - [/Users/ree/Documents/GitHub/notification bot/Automated_trading_bot/src/trading_bot/src/strategies/session_based/ny_open_momentum.py:25] register: Entering function with args=(<class 'trading_bot.src.strategies.strategy_registry.StrategyRegistry'>, 'NY_Open_Momentum'), kwargs={}
2026-03-14 05:47:04,212 - debug_tracker - DEBUG - [/Users/ree/Documents/GitHub/notification bot/Automated_trading_bot/src/trading_bot/src/strategies/session_based/ny_open_momentum.py:25] register: Memory - RSS: 68.55MB, VMS: 32940.05MB, Percent: 0.42%
2026-03-14 05:47:04,212 - debug_tracker - DEBUG - [/Users/ree/Documents/GitHub/notification bot/Automated_trading_bot/src/trading_bot/src/strategies/session_based/ny_open_momentum.py:25] register: Performance - register_execution: 0.0000s
2026-03-14 05:47:04,212 - debug_tracker - DEBUG - [/Users/ree/Documents/GitHub/notification bot/Automated_trading_bot/src/trading_bot/src/strategies/session_based/ny_open_momentum.py:25] register: Function completed successfully, result=<function StrategyRegistry.register.<locals>.wrapper at 0x1050d3a60>
2026-03-14 05:47:04,212 - debug_tracker - DEBUG - [/Users/ree/Documents/GitHub/notification bot/Automated_trading_bot/src/trading_bot/src/strategies/session_based/ny_open_momentum.py:25] register: Memory - RSS: 68.56MB, VMS: 32940.05MB, Percent: 0.42%
2026-03-14 05:47:04,248 - debug_tracker - DEBUG - [/Users/ree/Documents/GitHub/notification bot/Automated_trading_bot/src/trading_bot/src/strategies/session_based/ny_open_momentum.py:25] wrapper: Entering function with args=(<class 'trading_bot.src.strategies.session_based.ny_open_momentum.NYOpenMomentumStrategy'>,), kwargs={}
2026-03-14 05:47:04,248 - debug_tracker - DEBUG - [/Users/ree/Documents/GitHub/notification bot/Automated_trading_bot/src/trading_bot/src/strategies/session_based/ny_open_momentum.py:25] wrapper: Memory - RSS: 68.60MB, VMS: 32940.05MB, Percent: 0.42%
2026-03-14 05:47:04,249 - debug_tracker - DEBUG - [/Users/ree/Documents/GitHub/notification bot/Automated_trading_bot/src/trading_bot/src/strategies/session_based/ny_open_momentum.py:25] wrapper: Performance - wrapper_execution: 0.0000s
2026-03-14 05:47:04,249 - debug_tracker - DEBUG - [/Users/ree/Documents/GitHub/notification bot/Automated_trading_bot/src/trading_bot/src/strategies/session_based/ny_open_momentum.py:25] wrapper: Function completed successfully, result=<class 'trading_bot.src.strategies.session_based.ny_open_momentum.NYOpenMomentumStrategy'>
2026-03-14 05:47:04,249 - debug_tracker - DEBUG - [/Users/ree/Documents/GitHub/notification bot/Automated_trading_bot/src/trading_bot/src/strategies/session_based/ny_open_momentum.py:25] wrapper: Memory - RSS: 68.60MB, VMS: 32940.05MB, Percent: 0.42%
