2025-10-30 02:56:06,215 - debug_tracker - DEBUG - [/Users/ree/Documents/GitHub/notification bot/Automated_trading_bot/src/trading_bot/src/strategies/trend_momentum/ema_crossover.py:26] register: Entering function with args=(<class 'trading_bot.src.strategies.strategy_registry.StrategyRegistry'>, 'Fast_EMA_Cross_M5'), kwargs={}
2025-10-30 02:56:06,216 - debug_tracker - DEBUG - [/Users/ree/Documents/GitHub/notification bot/Automated_trading_bot/src/trading_bot/src/strategies/trend_momentum/ema_crossover.py:26] register: Memory - RSS: 140.22MB, VMS: 33056.10MB, Percent: 0.86%
2025-10-30 02:56:06,216 - debug_tracker - DEBUG - [/Users/ree/Documents/GitHub/notification bot/Automated_trading_bot/src/trading_bot/src/strategies/trend_momentum/ema_crossover.py:26] register: Performance - register_execution: 0.0000s
2025-10-30 02:56:06,216 - debug_tracker - DEBUG - [/Users/ree/Documents/GitHub/notification bot/Automated_trading_bot/src/trading_bot/src/strategies/trend_momentum/ema_crossover.py:26] register: Function completed successfully, result=<function StrategyRegistry.register.<locals>.wrapper at 0x10a3e3560>
2025-10-30 02:56:06,216 - debug_tracker - DEBUG - [/Users/ree/Documents/GitHub/notification bot/Automated_trading_bot/src/trading_bot/src/strategies/trend_momentum/ema_crossover.py:26] register: Memory - RSS: 140.23MB, VMS: 33056.10MB, Percent: 0.86%
2025-10-30 02:56:06,296 - debug_tracker - DEBUG - [/Users/ree/Documents/GitHub/notification bot/Automated_trading_bot/src/trading_bot/src/strategies/trend_momentum/ema_crossover.py:26] wrapper: Entering function with args=(<class 'trading_bot.src.strategies.trend_momentum.ema_crossover.EMACrossoverStrategy'>,), kwargs={}
2025-10-30 02:56:06,296 - debug_tracker - DEBUG - [/Users/ree/Documents/GitHub/notification bot/Automated_trading_bot/src/trading_bot/src/strategies/trend_momentum/ema_crossover.py:26] wrapper: Memory - RSS: 140.25MB, VMS: 33057.10MB, Percent: 0.86%
2025-10-30 02:56:06,297 - debug_tracker - DEBUG - [/Users/ree/Documents/GitHub/notification bot/Automated_trading_bot/src/trading_bot/src/strategies/trend_momentum/ema_crossover.py:26] wrapper: Performance - wrapper_execution: 0.0000s
2025-10-30 02:56:06,297 - debug_tracker - DEBUG - [/Users/ree/Documents/GitHub/notification bot/Automated_trading_bot/src/trading_bot/src/strategies/trend_momentum/ema_crossover.py:26] wrapper: Function completed successfully, result=<class 'trading_bot.src.strategies.trend_momentum.ema_crossover.EMACrossoverStrategy'>
2025-10-30 02:56:06,297 - debug_tracker - DEBUG - [/Users/ree/Documents/GitHub/notification bot/Automated_trading_bot/src/trading_bot/src/strategies/trend_momentum/ema_crossover.py:26] wrapper: Memory - RSS: 140.25MB, VMS: 33057.10MB, Percent: 0.86%
2025-10-30 02:56:06,441 - debug_tracker - DEBUG - [/Users/ree/Documents/GitHub/notification bot/Automated_trading_bot/src/trading_bot/src/strategies/trend_momentum/macd_momentum.py:25] register: Entering function with args=(<class 'trading_bot.src.strategies.strategy_registry.StrategyRegistry'>, 'MACD_Momentum_M5'), kwargs={}
2025-10-30 02:56:06,441 - debug_tracker - DEBUG - [/Users/ree/Documents/GitHub/notification bot/Automated_trading_bot/src/trading_bot/src/strategies/trend_momentum/macd_momentum.py:25] register: Memory - RSS: 140.27MB, VMS: 33057.10MB, Percent: 0.86%
2025-10-30 02:56:06,441 - debug_tracker - DEBUG - [/Users/ree/Documents/GitHub/notification bot/Automated_trading_bot/src/trading_bot/src/strategies/trend_momentum/macd_momentum.py:25] register: Performance - register_execution: 0.0000s
2025-10-30 02:56:06,441 - debug_tracker - DEBUG - [/Users/ree/Documents/GitHub/notification bot/Automated_trading_bot/src/trading_bot/src/strategies/trend_momentum/macd_momentum.py:25] register: Function completed successfully, result=<function StrategyRegistry.register.<locals>.wrapper at 0x10a418040>
2025-10-30 02:56:06,441 - debug_tracker - DEBUG - [/Users/ree/Documents/GitHub/notification bot/Automated_trading_bot/src/trading_bot/src/strategies/trend_momentum/macd_momentum.py:25] register: Memory - RSS: 140.27MB, VMS: 33057.10MB, Percent: 0.86%
2025-10-30 02:56:06,513 - debug_tracker - DEBUG - [/Users/ree/Documents/GitHub/notification bot/Automated_trading_bot/src/trading_bot/src/strategies/trend_momentum/macd_momentum.py:25] wrapper: Entering function with args=(<class 'trading_bot.src.strategies.trend_momentum.macd_momentum.MACDMomentumStrategy'>,), kwargs={}
2025-10-30 02:56:06,513 - debug_tracker - DEBUG - [/Users/ree/Documents/GitHub/notification bot/Automated_trading_bot/src/trading_bot/src/strategies/trend_momentum/macd_momentum.py:25] wrapper: Memory - RSS: 140.29MB, VMS: 33057.10MB, Percent: 0.86%
2025-10-30 02:56:06,513 - debug_tracker - DEBUG - [/Users/ree/Documents/GitHub/notification bot/Automated_trading_bot/src/trading_bot/src/strategies/trend_momentum/macd_momentum.py:25] wrapper: Performance - wrapper_execution: 0.0000s
2025-10-30 02:56:06,513 - debug_tracker - DEBUG - [/Users/ree/Documents/GitHub/notification bot/Automated_trading_bot/src/trading_bot/src/strategies/trend_momentum/macd_momentum.py:25] wrapper: Function completed successfully, result=<class 'trading_bot.src.strategies.trend_momentum.macd_momentum.MACDMomentumStrategy'>
2025-10-30 02:56:06,514 - debug_tracker - DEBUG - [/Users/ree/Documents/GitHub/notification bot/Automated_trading_bot/src/trading_bot/src/strategies/trend_momentum/macd_momentum.py:25] wrapper: Memory - RSS: 140.29MB, VMS: 33057.10MB, Percent: 0.86%
2025-10-30 02:56:06,580 - debug_tracker - DEBUG - [/Users/ree/Documents/GitHub/notification bot/Automated_trading_bot/src/trading_bot/src/strategies/trend_momentum/adx_trend.py:26] register: Entering function with args=(<class 'trading_bot.src.strategies.strategy_registry.StrategyRegistry'>, 'ADX_Trend_M5'), kwargs={}
2025-10-30 02:56:06,581 - debug_tracker - DEBUG - [/Users/ree/Documents/GitHub/notification bot/Automated_trading_bot/src/trading_bot/src/strategies/trend_momentum/adx_trend.py:26] register: Memory - RSS: 140.33MB, VMS: 33057.10MB, Percent: 0.86%
2025-10-30 02:56:06,581 - debug_tracker - DEBUG - [/Users/ree/Documents/GitHub/notification bot/Automated_trading_bot/src/trading_bot/src/strategies/trend_momentum/adx_trend.py:26] register: Performance - register_execution: 0.0000s
2025-10-30 02:56:06,581 - debug_tracker - DEBUG - [/Users/ree/Documents/GitHub/notification bot/Automated_trading_bot/src/trading_bot/src/strategies/trend_momentum/adx_trend.py:26] register: Function completed successfully, result=<function StrategyRegistry.register.<locals>.wrapper at 0x10a418ae0>
2025-10-30 02:56:06,581 - debug_tracker - DEBUG - [/Users/ree/Documents/GitHub/notification bot/Automated_trading_bot/src/trading_bot/src/strategies/trend_momentum/adx_trend.py:26] register: Memory - RSS: 140.33MB, VMS: 33057.10MB, Percent: 0.86%
2025-10-30 02:56:06,646 - debug_tracker - DEBUG - [/Users/ree/Documents/GitHub/notification bot/Automated_trading_bot/src/trading_bot/src/strategies/trend_momentum/adx_trend.py:26] wrapper: Entering function with args=(<class 'trading_bot.src.strategies.trend_momentum.adx_trend.ADXTrendStrategy'>,), kwargs={}
2025-10-30 02:56:06,646 - debug_tracker - DEBUG - [/Users/ree/Documents/GitHub/notification bot/Automated_trading_bot/src/trading_bot/src/strategies/trend_momentum/adx_trend.py:26] wrapper: Memory - RSS: 140.33MB, VMS: 33057.10MB, Percent: 0.86%
2025-10-30 02:56:06,646 - debug_tracker - DEBUG - [/Users/ree/Documents/GitHub/notification bot/Automated_trading_bot/src/trading_bot/src/strategies/trend_momentum/adx_trend.py:26] wrapper: Performance - wrapper_execution: 0.0000s
2025-10-30 02:56:06,646 - debug_tracker - DEBUG - [/Users/ree/Documents/GitHub/notification bot/Automated_trading_bot/src/trading_bot/src/strategies/trend_momentum/adx_trend.py:26] wrapper: Function completed successfully, result=<class 'trading_bot.src.strategies.trend_momentum.adx_trend.ADXTrendStrategy'>
2025-10-30 02:56:06,646 - debug_tracker - DEBUG - [/Users/ree/Documents/GitHub/notification bot/Automated_trading_bot/src/trading_bot/src/strategies/trend_momentum/adx_trend.py:26] wrapper: Memory - RSS: 140.34MB, VMS: 33057.10MB, Percent: 0.86%
2025-10-30 02:56:06,714 - debug_tracker - DEBUG - [/Users/ree/Documents/GitHub/notification bot/Automated_trading_bot/src/trading_bot/src/strategies/trend_momentum/fast_ichimoku.py:26] register: Entering function with args=(<class 'trading_bot.src.strategies.strategy_registry.StrategyRegistry'>, 'Fast_Ichimoku'), kwargs={}
2025-10-30 02:56:06,714 - debug_tracker - DEBUG - [/Users/ree/Documents/GitHub/notification bot/Automated_trading_bot/src/trading_bot/src/strategies/trend_momentum/fast_ichimoku.py:26] register: Memory - RSS: 140.38MB, VMS: 33057.10MB, Percent: 0.86%
2025-10-30 02:56:06,714 - debug_tracker - DEBUG - [/Users/ree/Documents/GitHub/notification bot/Automated_trading_bot/src/trading_bot/src/strategies/trend_momentum/fast_ichimoku.py:26] register: Performance - register_execution: 0.0000s
2025-10-30 02:56:06,714 - debug_tracker - DEBUG - [/Users/ree/Documents/GitHub/notification bot/Automated_trading_bot/src/trading_bot/src/strategies/trend_momentum/fast_ichimoku.py:26] register: Function completed successfully, result=<function StrategyRegistry.register.<locals>.wrapper at 0x10a419620>
2025-10-30 02:56:06,714 - debug_tracker - DEBUG - [/Users/ree/Documents/GitHub/notification bot/Automated_trading_bot/src/trading_bot/src/strategies/trend_momentum/fast_ichimoku.py:26] register: Memory - RSS: 140.38MB, VMS: 33057.10MB, Percent: 0.86%
2025-10-30 02:56:06,783 - debug_tracker - DEBUG - [/Users/ree/Documents/GitHub/notification bot/Automated_trading_bot/src/trading_bot/src/strategies/trend_momentum/fast_ichimoku.py:26] wrapper: Entering function with args=(<class 'trading_bot.src.strategies.trend_momentum.fast_ichimoku.FastIchimokuStrategy'>,), kwargs={}
2025-10-30 02:56:06,783 - debug_tracker - DEBUG - [/Users/ree/Documents/GitHub/notification bot/Automated_trading_bot/src/trading_bot/src/strategies/trend_momentum/fast_ichimoku.py:26] wrapper: Memory - RSS: 140.39MB, VMS: 33057.10MB, Percent: 0.86%
2025-10-30 02:56:06,784 - debug_tracker - DEBUG - [/Users/ree/Documents/GitHub/notification bot/Automated_trading_bot/src/trading_bot/src/strategies/trend_momentum/fast_ichimoku.py:26] wrapper: Performance - wrapper_execution: 0.0000s
2025-10-30 02:56:06,784 - debug_tracker - DEBUG - [/Users/ree/Documents/GitHub/notification bot/Automated_trading_bot/src/trading_bot/src/strategies/trend_momentum/fast_ichimoku.py:26] wrapper: Function completed successfully, result=<class 'trading_bot.src.strategies.trend_momentum.fast_ichimoku.FastIchimokuStrategy'>
2025-10-30 02:56:06,784 - debug_tracker - DEBUG - [/Users/ree/Documents/GitHub/notification bot/Automated_trading_bot/src/trading_bot/src/strategies/trend_momentum/fast_ichimoku.py:26] wrapper: Memory - RSS: 140.39MB, VMS: 33057.10MB, Percent: 0.86%
2025-10-30 02:56:06,860 - debug_tracker - DEBUG - [/Users/ree/Documents/GitHub/notification bot/Automated_trading_bot/src/trading_bot/src/strategies/mean_reversion/bollinger_bounce.py:25] register: Entering function with args=(<class 'trading_bot.src.strategies.strategy_registry.StrategyRegistry'>, 'BB_Bounce_M5'), kwargs={}
2025-10-30 02:56:06,860 - debug_tracker - DEBUG - [/Users/ree/Documents/GitHub/notification bot/Automated_trading_bot/src/trading_bot/src/strategies/mean_reversion/bollinger_bounce.py:25] register: Memory - RSS: 140.43MB, VMS: 33057.10MB, Percent: 0.86%
2025-10-30 02:56:06,861 - debug_tracker - DEBUG - [/Users/ree/Documents/GitHub/notification bot/Automated_trading_bot/src/trading_bot/src/strategies/mean_reversion/bollinger_bounce.py:25] register: Performance - register_execution: 0.0000s
2025-10-30 02:56:06,861 - debug_tracker - DEBUG - [/Users/ree/Documents/GitHub/notification bot/Automated_trading_bot/src/trading_bot/src/strategies/mean_reversion/bollinger_bounce.py:25] register: Function completed successfully, result=<function StrategyRegistry.register.<locals>.wrapper at 0x10a41a200>
2025-10-30 02:56:06,861 - debug_tracker - DEBUG - [/Users/ree/Documents/GitHub/notification bot/Automated_trading_bot/src/trading_bot/src/strategies/mean_reversion/bollinger_bounce.py:25] register: Memory - RSS: 140.43MB, VMS: 33057.10MB, Percent: 0.86%
2025-10-30 02:56:06,928 - debug_tracker - DEBUG - [/Users/ree/Documents/GitHub/notification bot/Automated_trading_bot/src/trading_bot/src/strategies/mean_reversion/bollinger_bounce.py:25] wrapper: Entering function with args=(<class 'trading_bot.src.strategies.mean_reversion.bollinger_bounce.BollingerBounceStrategy'>,), kwargs={}
2025-10-30 02:56:06,928 - debug_tracker - DEBUG - [/Users/ree/Documents/GitHub/notification bot/Automated_trading_bot/src/trading_bot/src/strategies/mean_reversion/bollinger_bounce.py:25] wrapper: Memory - RSS: 140.44MB, VMS: 33057.10MB, Percent: 0.86%
2025-10-30 02:56:06,928 - debug_tracker - DEBUG - [/Users/ree/Documents/GitHub/notification bot/Automated_trading_bot/src/trading_bot/src/strategies/mean_reversion/bollinger_bounce.py:25] wrapper: Performance - wrapper_execution: 0.0000s
2025-10-30 02:56:06,928 - debug_tracker - DEBUG - [/Users/ree/Documents/GitHub/notification bot/Automated_trading_bot/src/trading_bot/src/strategies/mean_reversion/bollinger_bounce.py:25] wrapper: Function completed successfully, result=<class 'trading_bot.src.strategies.mean_reversion.bollinger_bounce.BollingerBounceStrategy'>
2025-10-30 02:56:06,928 - debug_tracker - DEBUG - [/Users/ree/Documents/GitHub/notification bot/Automated_trading_bot/src/trading_bot/src/strategies/mean_reversion/bollinger_bounce.py:25] wrapper: Memory - RSS: 140.44MB, VMS: 33057.10MB, Percent: 0.86%
2025-10-30 02:56:06,995 - debug_tracker - DEBUG - [/Users/ree/Documents/GitHub/notification bot/Automated_trading_bot/src/trading_bot/src/strategies/mean_reversion/rsi_extremes.py:25] register: Entering function with args=(<class 'trading_bot.src.strategies.strategy_registry.StrategyRegistry'>, 'RSI_Extremes'), kwargs={}
2025-10-30 02:56:06,996 - debug_tracker - DEBUG - [/Users/ree/Documents/GitHub/notification bot/Automated_trading_bot/src/trading_bot/src/strategies/mean_reversion/rsi_extremes.py:25] register: Memory - RSS: 140.47MB, VMS: 33065.10MB, Percent: 0.86%
2025-10-30 02:56:06,996 - debug_tracker - DEBUG - [/Users/ree/Documents/GitHub/notification bot/Automated_trading_bot/src/trading_bot/src/strategies/mean_reversion/rsi_extremes.py:25] register: Performance - register_execution: 0.0000s
2025-10-30 02:56:06,996 - debug_tracker - DEBUG - [/Users/ree/Documents/GitHub/notification bot/Automated_trading_bot/src/trading_bot/src/strategies/mean_reversion/rsi_extremes.py:25] register: Function completed successfully, result=<function StrategyRegistry.register.<locals>.wrapper at 0x10a41aac0>
2025-10-30 02:56:06,996 - debug_tracker - DEBUG - [/Users/ree/Documents/GitHub/notification bot/Automated_trading_bot/src/trading_bot/src/strategies/mean_reversion/rsi_extremes.py:25] register: Memory - RSS: 140.47MB, VMS: 33065.10MB, Percent: 0.86%
2025-10-30 02:56:07,059 - debug_tracker - DEBUG - [/Users/ree/Documents/GitHub/notification bot/Automated_trading_bot/src/trading_bot/src/strategies/mean_reversion/rsi_extremes.py:25] wrapper: Entering function with args=(<class 'trading_bot.src.strategies.mean_reversion.rsi_extremes.RSIExtremesStrategy'>,), kwargs={}
2025-10-30 02:56:07,059 - debug_tracker - DEBUG - [/Users/ree/Documents/GitHub/notification bot/Automated_trading_bot/src/trading_bot/src/strategies/mean_reversion/rsi_extremes.py:25] wrapper: Memory - RSS: 140.47MB, VMS: 33065.10MB, Percent: 0.86%
2025-10-30 02:56:07,059 - debug_tracker - DEBUG - [/Users/ree/Documents/GitHub/notification bot/Automated_trading_bot/src/trading_bot/src/strategies/mean_reversion/rsi_extremes.py:25] wrapper: Performance - wrapper_execution: 0.0000s
2025-10-30 02:56:07,060 - debug_tracker - DEBUG - [/Users/ree/Documents/GitHub/notification bot/Automated_trading_bot/src/trading_bot/src/strategies/mean_reversion/rsi_extremes.py:25] wrapper: Function completed successfully, result=<class 'trading_bot.src.strategies.mean_reversion.rsi_extremes.RSIExtremesStrategy'>
2025-10-30 02:56:07,060 - debug_tracker - DEBUG - [/Users/ree/Documents/GitHub/notification bot/Automated_trading_bot/src/trading_bot/src/strategies/mean_reversion/rsi_extremes.py:25] wrapper: Memory - RSS: 140.47MB, VMS: 33065.10MB, Percent: 0.86%
2025-10-30 02:56:07,124 - debug_tracker - DEBUG - [/Users/ree/Documents/GitHub/notification bot/Automated_trading_bot/src/trading_bot/src/strategies/mean_reversion/stochastic_reversal.py:26] register: Entering function with args=(<class 'trading_bot.src.strategies.strategy_registry.StrategyRegistry'>, 'Fast_Stochastic'), kwargs={}
2025-10-30 02:56:07,124 - debug_tracker - DEBUG - [/Users/ree/Documents/GitHub/notification bot/Automated_trading_bot/src/trading_bot/src/strategies/mean_reversion/stochastic_reversal.py:26] register: Memory - RSS: 140.52MB, VMS: 33065.10MB, Percent: 0.86%
2025-10-30 02:56:07,124 - debug_tracker - DEBUG - [/Users/ree/Documents/GitHub/notification bot/Automated_trading_bot/src/trading_bot/src/strategies/mean_reversion/stochastic_reversal.py:26] register: Performance - register_execution: 0.0000s
2025-10-30 02:56:07,124 - debug_tracker - DEBUG - [/Users/ree/Documents/GitHub/notification bot/Automated_trading_bot/src/trading_bot/src/strategies/mean_reversion/stochastic_reversal.py:26] register: Function completed successfully, result=<function StrategyRegistry.register.<locals>.wrapper at 0x10a41b380>
2025-10-30 02:56:07,124 - debug_tracker - DEBUG - [/Users/ree/Documents/GitHub/notification bot/Automated_trading_bot/src/trading_bot/src/strategies/mean_reversion/stochastic_reversal.py:26] register: Memory - RSS: 140.52MB, VMS: 33065.10MB, Percent: 0.86%
2025-10-30 02:56:07,186 - debug_tracker - DEBUG - [/Users/ree/Documents/GitHub/notification bot/Automated_trading_bot/src/trading_bot/src/strategies/mean_reversion/stochastic_reversal.py:26] wrapper: Entering function with args=(<class 'trading_bot.src.strategies.mean_reversion.stochastic_reversal.StochasticReversalStrategy'>,), kwargs={}
2025-10-30 02:56:07,186 - debug_tracker - DEBUG - [/Users/ree/Documents/GitHub/notification bot/Automated_trading_bot/src/trading_bot/src/strategies/mean_reversion/stochastic_reversal.py:26] wrapper: Memory - RSS: 140.52MB, VMS: 33065.10MB, Percent: 0.86%
2025-10-30 02:56:07,186 - debug_tracker - DEBUG - [/Users/ree/Documents/GitHub/notification bot/Automated_trading_bot/src/trading_bot/src/strategies/mean_reversion/stochastic_reversal.py:26] wrapper: Performance - wrapper_execution: 0.0000s
2025-10-30 02:56:07,186 - debug_tracker - DEBUG - [/Users/ree/Documents/GitHub/notification bot/Automated_trading_bot/src/trading_bot/src/strategies/mean_reversion/stochastic_reversal.py:26] wrapper: Function completed successfully, result=<class 'trading_bot.src.strategies.mean_reversion.stochastic_reversal.StochasticReversalStrategy'>
2025-10-30 02:56:07,186 - debug_tracker - DEBUG - [/Users/ree/Documents/GitHub/notification bot/Automated_trading_bot/src/trading_bot/src/strategies/mean_reversion/stochastic_reversal.py:26] wrapper: Memory - RSS: 140.52MB, VMS: 33065.10MB, Percent: 0.86%
2025-10-30 02:56:07,249 - debug_tracker - DEBUG - [/Users/ree/Documents/GitHub/notification bot/Automated_trading_bot/src/trading_bot/src/strategies/breakout/atr_breakout.py:26] register: Entering function with args=(<class 'trading_bot.src.strategies.strategy_registry.StrategyRegistry'>, 'ATR_Breakout'), kwargs={}
2025-10-30 02:56:07,249 - debug_tracker - DEBUG - [/Users/ree/Documents/GitHub/notification bot/Automated_trading_bot/src/trading_bot/src/strategies/breakout/atr_breakout.py:26] register: Memory - RSS: 140.55MB, VMS: 33065.10MB, Percent: 0.86%
2025-10-30 02:56:07,249 - debug_tracker - DEBUG - [/Users/ree/Documents/GitHub/notification bot/Automated_trading_bot/src/trading_bot/src/strategies/breakout/atr_breakout.py:26] register: Performance - register_execution: 0.0000s
2025-10-30 02:56:07,249 - debug_tracker - DEBUG - [/Users/ree/Documents/GitHub/notification bot/Automated_trading_bot/src/trading_bot/src/strategies/breakout/atr_breakout.py:26] register: Function completed successfully, result=<function StrategyRegistry.register.<locals>.wrapper at 0x10a3e3f60>
2025-10-30 02:56:07,250 - debug_tracker - DEBUG - [/Users/ree/Documents/GitHub/notification bot/Automated_trading_bot/src/trading_bot/src/strategies/breakout/atr_breakout.py:26] register: Memory - RSS: 140.55MB, VMS: 33065.10MB, Percent: 0.86%
2025-10-30 02:56:07,314 - debug_tracker - DEBUG - [/Users/ree/Documents/GitHub/notification bot/Automated_trading_bot/src/trading_bot/src/strategies/breakout/atr_breakout.py:26] wrapper: Entering function with args=(<class 'trading_bot.src.strategies.breakout.atr_breakout.ATRBreakoutStrategy'>,), kwargs={}
2025-10-30 02:56:07,315 - debug_tracker - DEBUG - [/Users/ree/Documents/GitHub/notification bot/Automated_trading_bot/src/trading_bot/src/strategies/breakout/atr_breakout.py:26] wrapper: Memory - RSS: 140.56MB, VMS: 33065.10MB, Percent: 0.86%
2025-10-30 02:56:07,315 - debug_tracker - DEBUG - [/Users/ree/Documents/GitHub/notification bot/Automated_trading_bot/src/trading_bot/src/strategies/breakout/atr_breakout.py:26] wrapper: Performance - wrapper_execution: 0.0000s
2025-10-30 02:56:07,315 - debug_tracker - DEBUG - [/Users/ree/Documents/GitHub/notification bot/Automated_trading_bot/src/trading_bot/src/strategies/breakout/atr_breakout.py:26] wrapper: Function completed successfully, result=<class 'trading_bot.src.strategies.breakout.atr_breakout.ATRBreakoutStrategy'>
2025-10-30 02:56:07,315 - debug_tracker - DEBUG - [/Users/ree/Documents/GitHub/notification bot/Automated_trading_bot/src/trading_bot/src/strategies/breakout/atr_breakout.py:26] wrapper: Memory - RSS: 140.56MB, VMS: 33065.10MB, Percent: 0.86%
2025-10-30 02:56:07,378 - debug_tracker - DEBUG - [/Users/ree/Documents/GitHub/notification bot/Automated_trading_bot/src/trading_bot/src/strategies/breakout/support_resistance.py:26] register: Entering function with args=(<class 'trading_bot.src.strategies.strategy_registry.StrategyRegistry'>, 'Support_Resistance_Break'), kwargs={}
2025-10-30 02:56:07,378 - debug_tracker - DEBUG - [/Users/ree/Documents/GitHub/notification bot/Automated_trading_bot/src/trading_bot/src/strategies/breakout/support_resistance.py:26] register: Memory - RSS: 140.59MB, VMS: 33065.10MB, Percent: 0.86%
2025-10-30 02:56:07,378 - debug_tracker - DEBUG - [/Users/ree/Documents/GitHub/notification bot/Automated_trading_bot/src/trading_bot/src/strategies/breakout/support_resistance.py:26] register: Performance - register_execution: 0.0001s
2025-10-30 02:56:07,379 - debug_tracker - DEBUG - [/Users/ree/Documents/GitHub/notification bot/Automated_trading_bot/src/trading_bot/src/strategies/breakout/support_resistance.py:26] register: Function completed successfully, result=<function StrategyRegistry.register.<locals>.wrapper at 0x10a419e40>
2025-10-30 02:56:07,379 - debug_tracker - DEBUG - [/Users/ree/Documents/GitHub/notification bot/Automated_trading_bot/src/trading_bot/src/strategies/breakout/support_resistance.py:26] register: Memory - RSS: 140.59MB, VMS: 33065.10MB, Percent: 0.86%
2025-10-30 02:56:07,445 - debug_tracker - DEBUG - [/Users/ree/Documents/GitHub/notification bot/Automated_trading_bot/src/trading_bot/src/strategies/breakout/support_resistance.py:26] wrapper: Entering function with args=(<class 'trading_bot.src.strategies.breakout.support_resistance.SupportResistanceBreakStrategy'>,), kwargs={}
2025-10-30 02:56:07,445 - debug_tracker - DEBUG - [/Users/ree/Documents/GitHub/notification bot/Automated_trading_bot/src/trading_bot/src/strategies/breakout/support_resistance.py:26] wrapper: Memory - RSS: 140.59MB, VMS: 33065.10MB, Percent: 0.86%
2025-10-30 02:56:07,445 - debug_tracker - DEBUG - [/Users/ree/Documents/GitHub/notification bot/Automated_trading_bot/src/trading_bot/src/strategies/breakout/support_resistance.py:26] wrapper: Performance - wrapper_execution: 0.0000s
2025-10-30 02:56:07,445 - debug_tracker - DEBUG - [/Users/ree/Documents/GitHub/notification bot/Automated_trading_bot/src/trading_bot/src/strategies/breakout/support_resistance.py:26] wrapper: Function completed successfully, result=<class 'trading_bot.src.strategies.breakout.support_resistance.SupportResistanceBreakStrategy'>
2025-10-30 02:56:07,445 - debug_tracker - DEBUG - [/Users/ree/Documents/GitHub/notification bot/Automated_trading_bot/src/trading_bot/src/strategies/breakout/support_resistance.py:26] wrapper: Memory - RSS: 140.59MB, VMS: 33065.10MB, Percent: 0.86%
2025-10-30 02:56:07,510 - debug_tracker - DEBUG - [/Users/ree/Documents/GitHub/notification bot/Automated_trading_bot/src/trading_bot/src/strategies/breakout/donchian_break.py:25] register: Entering function with args=(<class 'trading_bot.src.strategies.strategy_registry.StrategyRegistry'>, 'Donchian_Break'), kwargs={}
2025-10-30 02:56:07,510 - debug_tracker - DEBUG - [/Users/ree/Documents/GitHub/notification bot/Automated_trading_bot/src/trading_bot/src/strategies/breakout/donchian_break.py:25] register: Memory - RSS: 140.61MB, VMS: 33065.10MB, Percent: 0.86%
2025-10-30 02:56:07,511 - debug_tracker - DEBUG - [/Users/ree/Documents/GitHub/notification bot/Automated_trading_bot/src/trading_bot/src/strategies/breakout/donchian_break.py:25] register: Performance - register_execution: 0.0000s
2025-10-30 02:56:07,511 - debug_tracker - DEBUG - [/Users/ree/Documents/GitHub/notification bot/Automated_trading_bot/src/trading_bot/src/strategies/breakout/donchian_break.py:25] register: Function completed successfully, result=<function StrategyRegistry.register.<locals>.wrapper at 0x10a46c040>
2025-10-30 02:56:07,511 - debug_tracker - DEBUG - [/Users/ree/Documents/GitHub/notification bot/Automated_trading_bot/src/trading_bot/src/strategies/breakout/donchian_break.py:25] register: Memory - RSS: 140.61MB, VMS: 33065.10MB, Percent: 0.86%
2025-10-30 02:56:07,576 - debug_tracker - DEBUG - [/Users/ree/Documents/GitHub/notification bot/Automated_trading_bot/src/trading_bot/src/strategies/breakout/donchian_break.py:25] wrapper: Entering function with args=(<class 'trading_bot.src.strategies.breakout.donchian_break.DonchianBreakStrategy'>,), kwargs={}
2025-10-30 02:56:07,577 - debug_tracker - DEBUG - [/Users/ree/Documents/GitHub/notification bot/Automated_trading_bot/src/trading_bot/src/strategies/breakout/donchian_break.py:25] wrapper: Memory - RSS: 140.62MB, VMS: 33065.10MB, Percent: 0.86%
2025-10-30 02:56:07,577 - debug_tracker - DEBUG - [/Users/ree/Documents/GitHub/notification bot/Automated_trading_bot/src/trading_bot/src/strategies/breakout/donchian_break.py:25] wrapper: Performance - wrapper_execution: 0.0000s
2025-10-30 02:56:07,577 - debug_tracker - DEBUG - [/Users/ree/Documents/GitHub/notification bot/Automated_trading_bot/src/trading_bot/src/strategies/breakout/donchian_break.py:25] wrapper: Function completed successfully, result=<class 'trading_bot.src.strategies.breakout.donchian_break.DonchianBreakStrategy'>
2025-10-30 02:56:07,577 - debug_tracker - DEBUG - [/Users/ree/Documents/GitHub/notification bot/Automated_trading_bot/src/trading_bot/src/strategies/breakout/donchian_break.py:25] wrapper: Memory - RSS: 140.62MB, VMS: 33065.10MB, Percent: 0.86%
2025-10-30 02:56:07,645 - debug_tracker - DEBUG - [/Users/ree/Documents/GitHub/notification bot/Automated_trading_bot/src/trading_bot/src/strategies/scalping/price_action_scalp.py:25] register: Entering function with args=(<class 'trading_bot.src.strategies.strategy_registry.StrategyRegistry'>, 'Price_Action_Scalp'), kwargs={}
2025-10-30 02:56:07,646 - debug_tracker - DEBUG - [/Users/ree/Documents/GitHub/notification bot/Automated_trading_bot/src/trading_bot/src/strategies/scalping/price_action_scalp.py:25] register: Memory - RSS: 140.66MB, VMS: 33065.10MB, Percent: 0.86%
2025-10-30 02:56:07,646 - debug_tracker - DEBUG - [/Users/ree/Documents/GitHub/notification bot/Automated_trading_bot/src/trading_bot/src/strategies/scalping/price_action_scalp.py:25] register: Performance - register_execution: 0.0000s
2025-10-30 02:56:07,646 - debug_tracker - DEBUG - [/Users/ree/Documents/GitHub/notification bot/Automated_trading_bot/src/trading_bot/src/strategies/scalping/price_action_scalp.py:25] register: Function completed successfully, result=<function StrategyRegistry.register.<locals>.wrapper at 0x10a46cb80>
2025-10-30 02:56:07,646 - debug_tracker - DEBUG - [/Users/ree/Documents/GitHub/notification bot/Automated_trading_bot/src/trading_bot/src/strategies/scalping/price_action_scalp.py:25] register: Memory - RSS: 140.66MB, VMS: 33065.10MB, Percent: 0.86%
2025-10-30 02:56:07,712 - debug_tracker - DEBUG - [/Users/ree/Documents/GitHub/notification bot/Automated_trading_bot/src/trading_bot/src/strategies/scalping/price_action_scalp.py:25] wrapper: Entering function with args=(<class 'trading_bot.src.strategies.scalping.price_action_scalp.PriceActionScalpStrategy'>,), kwargs={}
2025-10-30 02:56:07,713 - debug_tracker - DEBUG - [/Users/ree/Documents/GitHub/notification bot/Automated_trading_bot/src/trading_bot/src/strategies/scalping/price_action_scalp.py:25] wrapper: Memory - RSS: 140.68MB, VMS: 33065.10MB, Percent: 0.86%
2025-10-30 02:56:07,713 - debug_tracker - DEBUG - [/Users/ree/Documents/GitHub/notification bot/Automated_trading_bot/src/trading_bot/src/strategies/scalping/price_action_scalp.py:25] wrapper: Performance - wrapper_execution: 0.0000s
2025-10-30 02:56:07,713 - debug_tracker - DEBUG - [/Users/ree/Documents/GitHub/notification bot/Automated_trading_bot/src/trading_bot/src/strategies/scalping/price_action_scalp.py:25] wrapper: Function completed successfully, result=<class 'trading_bot.src.strategies.scalping.price_action_scalp.PriceActionScalpStrategy'>
2025-10-30 02:56:07,713 - debug_tracker - DEBUG - [/Users/ree/Documents/GitHub/notification bot/Automated_trading_bot/src/trading_bot/src/strategies/scalping/price_action_scalp.py:25] wrapper: Memory - RSS: 140.68MB, VMS: 33065.10MB, Percent: 0.86%
2025-10-30 02:56:07,781 - debug_tracker - DEBUG - [/Users/ree/Documents/GitHub/notification bot/Automated_trading_bot/src/trading_bot/src/strategies/scalping/spread_squeeze.py:25] register: Entering function with args=(<class 'trading_bot.src.strategies.strategy_registry.StrategyRegistry'>, 'Spread_Squeeze'), kwargs={}
2025-10-30 02:56:07,781 - debug_tracker - DEBUG - [/Users/ree/Documents/GitHub/notification bot/Automated_trading_bot/src/trading_bot/src/strategies/scalping/spread_squeeze.py:25] register: Memory - RSS: 140.70MB, VMS: 33065.10MB, Percent: 0.86%
2025-10-30 02:56:07,781 - debug_tracker - DEBUG - [/Users/ree/Documents/GitHub/notification bot/Automated_trading_bot/src/trading_bot/src/strategies/scalping/spread_squeeze.py:25] register: Performance - register_execution: 0.0000s
2025-10-30 02:56:07,781 - debug_tracker - DEBUG - [/Users/ree/Documents/GitHub/notification bot/Automated_trading_bot/src/trading_bot/src/strategies/scalping/spread_squeeze.py:25] register: Function completed successfully, result=<function StrategyRegistry.register.<locals>.wrapper at 0x10a46d580>
2025-10-30 02:56:07,781 - debug_tracker - DEBUG - [/Users/ree/Documents/GitHub/notification bot/Automated_trading_bot/src/trading_bot/src/strategies/scalping/spread_squeeze.py:25] register: Memory - RSS: 140.70MB, VMS: 33065.10MB, Percent: 0.86%
2025-10-30 02:56:07,845 - debug_tracker - DEBUG - [/Users/ree/Documents/GitHub/notification bot/Automated_trading_bot/src/trading_bot/src/strategies/scalping/spread_squeeze.py:25] wrapper: Entering function with args=(<class 'trading_bot.src.strategies.scalping.spread_squeeze.SpreadSqueezeStrategy'>,), kwargs={}
2025-10-30 02:56:07,846 - debug_tracker - DEBUG - [/Users/ree/Documents/GitHub/notification bot/Automated_trading_bot/src/trading_bot/src/strategies/scalping/spread_squeeze.py:25] wrapper: Memory - RSS: 140.71MB, VMS: 33065.10MB, Percent: 0.86%
2025-10-30 02:56:07,846 - debug_tracker - DEBUG - [/Users/ree/Documents/GitHub/notification bot/Automated_trading_bot/src/trading_bot/src/strategies/scalping/spread_squeeze.py:25] wrapper: Performance - wrapper_execution: 0.0000s
2025-10-30 02:56:07,846 - debug_tracker - DEBUG - [/Users/ree/Documents/GitHub/notification bot/Automated_trading_bot/src/trading_bot/src/strategies/scalping/spread_squeeze.py:25] wrapper: Function completed successfully, result=<class 'trading_bot.src.strategies.scalping.spread_squeeze.SpreadSqueezeStrategy'>
2025-10-30 02:56:07,846 - debug_tracker - DEBUG - [/Users/ree/Documents/GitHub/notification bot/Automated_trading_bot/src/trading_bot/src/strategies/scalping/spread_squeeze.py:25] wrapper: Memory - RSS: 140.71MB, VMS: 33065.10MB, Percent: 0.86%
2025-10-30 02:56:07,910 - debug_tracker - DEBUG - [/Users/ree/Documents/GitHub/notification bot/Automated_trading_bot/src/trading_bot/src/strategies/scalping/order_flow_momentum.py:25] register: Entering function with args=(<class 'trading_bot.src.strategies.strategy_registry.StrategyRegistry'>, 'Order_Flow_Momentum'), kwargs={}
2025-10-30 02:56:07,910 - debug_tracker - DEBUG - [/Users/ree/Documents/GitHub/notification bot/Automated_trading_bot/src/trading_bot/src/strategies/scalping/order_flow_momentum.py:25] register: Memory - RSS: 140.73MB, VMS: 33065.10MB, Percent: 0.86%
2025-10-30 02:56:07,910 - debug_tracker - DEBUG - [/Users/ree/Documents/GitHub/notification bot/Automated_trading_bot/src/trading_bot/src/strategies/scalping/order_flow_momentum.py:25] register: Performance - register_execution: 0.0000s
2025-10-30 02:56:07,910 - debug_tracker - DEBUG - [/Users/ree/Documents/GitHub/notification bot/Automated_trading_bot/src/trading_bot/src/strategies/scalping/order_flow_momentum.py:25] register: Function completed successfully, result=<function StrategyRegistry.register.<locals>.wrapper at 0x10a46dda0>
2025-10-30 02:56:07,910 - debug_tracker - DEBUG - [/Users/ree/Documents/GitHub/notification bot/Automated_trading_bot/src/trading_bot/src/strategies/scalping/order_flow_momentum.py:25] register: Memory - RSS: 140.73MB, VMS: 33065.10MB, Percent: 0.86%
2025-10-30 02:56:07,976 - debug_tracker - DEBUG - [/Users/ree/Documents/GitHub/notification bot/Automated_trading_bot/src/trading_bot/src/strategies/scalping/order_flow_momentum.py:25] wrapper: Entering function with args=(<class 'trading_bot.src.strategies.scalping.order_flow_momentum.OrderFlowMomentumStrategy'>,), kwargs={}
2025-10-30 02:56:07,976 - debug_tracker - DEBUG - [/Users/ree/Documents/GitHub/notification bot/Automated_trading_bot/src/trading_bot/src/strategies/scalping/order_flow_momentum.py:25] wrapper: Memory - RSS: 140.75MB, VMS: 33065.10MB, Percent: 0.86%
2025-10-30 02:56:07,977 - debug_tracker - DEBUG - [/Users/ree/Documents/GitHub/notification bot/Automated_trading_bot/src/trading_bot/src/strategies/scalping/order_flow_momentum.py:25] wrapper: Performance - wrapper_execution: 0.0000s
2025-10-30 02:56:07,977 - debug_tracker - DEBUG - [/Users/ree/Documents/GitHub/notification bot/Automated_trading_bot/src/trading_bot/src/strategies/scalping/order_flow_momentum.py:25] wrapper: Function completed successfully, result=<class 'trading_bot.src.strategies.scalping.order_flow_momentum.OrderFlowMomentumStrategy'>
2025-10-30 02:56:07,977 - debug_tracker - DEBUG - [/Users/ree/Documents/GitHub/notification bot/Automated_trading_bot/src/trading_bot/src/strategies/scalping/order_flow_momentum.py:25] wrapper: Memory - RSS: 140.76MB, VMS: 33065.10MB, Percent: 0.86%
2025-10-30 02:56:08,045 - debug_tracker - DEBUG - [/Users/ree/Documents/GitHub/notification bot/Automated_trading_bot/src/trading_bot/src/strategies/session_based/london_open_break.py:25] register: Entering function with args=(<class 'trading_bot.src.strategies.strategy_registry.StrategyRegistry'>, 'London_Open_Break'), kwargs={}
2025-10-30 02:56:08,045 - debug_tracker - DEBUG - [/Users/ree/Documents/GitHub/notification bot/Automated_trading_bot/src/trading_bot/src/strategies/session_based/london_open_break.py:25] register: Memory - RSS: 140.79MB, VMS: 33065.10MB, Percent: 0.86%
2025-10-30 02:56:08,045 - debug_tracker - DEBUG - [/Users/ree/Documents/GitHub/notification bot/Automated_trading_bot/src/trading_bot/src/strategies/session_based/london_open_break.py:25] register: Performance - register_execution: 0.0000s
2025-10-30 02:56:08,045 - debug_tracker - DEBUG - [/Users/ree/Documents/GitHub/notification bot/Automated_trading_bot/src/trading_bot/src/strategies/session_based/london_open_break.py:25] register: Function completed successfully, result=<function StrategyRegistry.register.<locals>.wrapper at 0x10a46e980>
2025-10-30 02:56:08,045 - debug_tracker - DEBUG - [/Users/ree/Documents/GitHub/notification bot/Automated_trading_bot/src/trading_bot/src/strategies/session_based/london_open_break.py:25] register: Memory - RSS: 140.79MB, VMS: 33065.10MB, Percent: 0.86%
2025-10-30 02:56:08,111 - debug_tracker - DEBUG - [/Users/ree/Documents/GitHub/notification bot/Automated_trading_bot/src/trading_bot/src/strategies/session_based/london_open_break.py:25] wrapper: Entering function with args=(<class 'trading_bot.src.strategies.session_based.london_open_break.LondonOpenBreakStrategy'>,), kwargs={}
2025-10-30 02:56:08,112 - debug_tracker - DEBUG - [/Users/ree/Documents/GitHub/notification bot/Automated_trading_bot/src/trading_bot/src/strategies/session_based/london_open_break.py:25] wrapper: Memory - RSS: 140.81MB, VMS: 33065.10MB, Percent: 0.86%
2025-10-30 02:56:08,112 - debug_tracker - DEBUG - [/Users/ree/Documents/GitHub/notification bot/Automated_trading_bot/src/trading_bot/src/strategies/session_based/london_open_break.py:25] wrapper: Performance - wrapper_execution: 0.0000s
2025-10-30 02:56:08,112 - debug_tracker - DEBUG - [/Users/ree/Documents/GitHub/notification bot/Automated_trading_bot/src/trading_bot/src/strategies/session_based/london_open_break.py:25] wrapper: Function completed successfully, result=<class 'trading_bot.src.strategies.session_based.london_open_break.LondonOpenBreakStrategy'>
2025-10-30 02:56:08,112 - debug_tracker - DEBUG - [/Users/ree/Documents/GitHub/notification bot/Automated_trading_bot/src/trading_bot/src/strategies/session_based/london_open_break.py:25] wrapper: Memory - RSS: 140.81MB, VMS: 33065.10MB, Percent: 0.86%
2025-10-30 02:56:08,178 - debug_tracker - DEBUG - [/Users/ree/Documents/GitHub/notification bot/Automated_trading_bot/src/trading_bot/src/strategies/session_based/ny_open_momentum.py:25] register: Entering function with args=(<class 'trading_bot.src.strategies.strategy_registry.StrategyRegistry'>, 'NY_Open_Momentum'), kwargs={}
2025-10-30 02:56:08,178 - debug_tracker - DEBUG - [/Users/ree/Documents/GitHub/notification bot/Automated_trading_bot/src/trading_bot/src/strategies/session_based/ny_open_momentum.py:25] register: Memory - RSS: 140.84MB, VMS: 33065.10MB, Percent: 0.86%
2025-10-30 02:56:08,178 - debug_tracker - DEBUG - [/Users/ree/Documents/GitHub/notification bot/Automated_trading_bot/src/trading_bot/src/strategies/session_based/ny_open_momentum.py:25] register: Performance - register_execution: 0.0000s
2025-10-30 02:56:08,179 - debug_tracker - DEBUG - [/Users/ree/Documents/GitHub/notification bot/Automated_trading_bot/src/trading_bot/src/strategies/session_based/ny_open_momentum.py:25] register: Function completed successfully, result=<function StrategyRegistry.register.<locals>.wrapper at 0x10a46f420>
2025-10-30 02:56:08,179 - debug_tracker - DEBUG - [/Users/ree/Documents/GitHub/notification bot/Automated_trading_bot/src/trading_bot/src/strategies/session_based/ny_open_momentum.py:25] register: Memory - RSS: 140.85MB, VMS: 33065.10MB, Percent: 0.86%
2025-10-30 02:56:08,244 - debug_tracker - DEBUG - [/Users/ree/Documents/GitHub/notification bot/Automated_trading_bot/src/trading_bot/src/strategies/session_based/ny_open_momentum.py:25] wrapper: Entering function with args=(<class 'trading_bot.src.strategies.session_based.ny_open_momentum.NYOpenMomentumStrategy'>,), kwargs={}
2025-10-30 02:56:08,244 - debug_tracker - DEBUG - [/Users/ree/Documents/GitHub/notification bot/Automated_trading_bot/src/trading_bot/src/strategies/session_based/ny_open_momentum.py:25] wrapper: Memory - RSS: 140.85MB, VMS: 33065.10MB, Percent: 0.86%
2025-10-30 02:56:08,244 - debug_tracker - DEBUG - [/Users/ree/Documents/GitHub/notification bot/Automated_trading_bot/src/trading_bot/src/strategies/session_based/ny_open_momentum.py:25] wrapper: Performance - wrapper_execution: 0.0000s
2025-10-30 02:56:08,245 - debug_tracker - DEBUG - [/Users/ree/Documents/GitHub/notification bot/Automated_trading_bot/src/trading_bot/src/strategies/session_based/ny_open_momentum.py:25] wrapper: Function completed successfully, result=<class 'trading_bot.src.strategies.session_based.ny_open_momentum.NYOpenMomentumStrategy'>
2025-10-30 02:56:08,245 - debug_tracker - DEBUG - [/Users/ree/Documents/GitHub/notification bot/Automated_trading_bot/src/trading_bot/src/strategies/session_based/ny_open_momentum.py:25] wrapper: Memory - RSS: 140.85MB, VMS: 33065.10MB, Percent: 0.86%
